#
# A fatal error has been detected by the Java Runtime Environment:
#
#  SIGSEGV (0xb) at pc=0x00007f92c5e392c3, pid=14942, tid=140268560144128
#
# JRE version: 7.0_25-b15
# Java VM: Java HotSpot(TM) 64-Bit Server VM (23.25-b01 mixed mode linux-amd64 compressed oops)
# Problematic frame:
# C  [libGL.so.1+0x9d2c3]  glXCreatePixmap+0x26da3
#
# Failed to write core dump. Core dumps have been disabled. To enable core dumping, try "ulimit -c unlimited" before starting Java again
#
# If you would like to submit a bug report, please visit:
#   http://bugreport.sun.com/bugreport/crash.jsp
#

---------------  T H R E A D  ---------------

Current thread is native thread

siginfo:si_signo=SIGSEGV: si_errno=0, si_code=1 (SEGV_MAPERR), si_addr=0x0000000000000024

Registers:
RAX=0x0000000000003a5e, RBX=0x0000000000000000, RCX=0x00007f92c046bc00, RDX=0x0000000000000010
RSP=0x00007fff9a1cf270, RBP=0x0000000000000010, RSI=0x000000000a02fe00, RDI=0x00007f92c5a7e010
R8 =0x0000000000000000, R9 =0x0000000000000000, R10=0x0000000000000000, R11=0x00007f92d1018097
R12=0x0000000000000010, R13=0x000000000a02fe00, R14=0x00007f92c5a7e010, R15=0x00007f92c046bc00
RIP=0x00007f92c5e392c3, EFLAGS=0x0000000000010202, CSGSFS=0x0000000000000033, ERR=0x0000000000000004
  TRAPNO=0x000000000000000e

Top of Stack: (sp=0x00007fff9a1cf270)
0x00007fff9a1cf270:   00003a5e0ea4b293 0000000000000002
0x00007fff9a1cf280:   0000000000000010 0000000000000010
0x00007fff9a1cf290:   000000000a02fe00 00007f92c5a7e010
0x00007fff9a1cf2a0:   00007f92c046bc00 00007f92bef17cdb
0x00007fff9a1cf2b0:   00007f92d0fa3710 00007fff9a1cf2d0
0x00007fff9a1cf2c0:   00007f92c046bc00 00000010c077fba0
0x00007fff9a1cf2d0:   00007f92c0012240 0000000000000000
0x00007fff9a1cf2e0:   00007f92c0011ff0 00007f92d1b379b8
0x00007fff9a1cf2f0:   00007f92c5db82c5 0000000000000002
0x00007fff9a1cf300:   00007fff9a1cf420 00007f92c046ba60
0x00007fff9a1cf310:   0000000000000000 0000000000000000
0x00007fff9a1cf320:   0000000000000000 00007f92bef069ad
0x00007fff9a1cf330:   00007fff9a1cf470 00007f92c0011ff0
0x00007fff9a1cf340:   00007fff9a1cf498 00007f92d1945a9a
0x00007fff9a1cf350:   000000000ea4b293 000000109a1cf3e0
0x00007fff9a1cf360:   0000000000000000 00000004d1945ad4
0x00007fff9a1cf370:   00007f92c5a7e010 000000049a1cf400
0x00007fff9a1cf380:   000000107c96f087 00000012ffffffef
0x00007fff9a1cf390:   000000000000000b 0000000000768200
0x00007fff9a1cf3a0:   000000000e5fc15f 00007f92d19461a1
0x00007fff9a1cf3b0:   0000000000000016 00007f920000001f
0x00007fff9a1cf3c0:   0000000000397f05 00007f92c79d931c
0x00007fff9a1cf3d0:   00007fff9a1cf550 00007f92c79d9ef8
0x00007fff9a1cf3e0:   00007f92c79dd828 0000000000000000
0x00007fff9a1cf3f0:   0000000000767e88 00007f92d1b379b8
0x00007fff9a1cf400:   00000000007658f0 0000000000000000
0x00007fff9a1cf410:   0000000000000000 0000000000765d90
0x00007fff9a1cf420:   ffffffffffffffff 0000000000000000
0x00007fff9a1cf430:   0000000000000000 0000000000000000
0x00007fff9a1cf440:   0000000000000000 0000000000000000
0x00007fff9a1cf450:   0000000000000000 0000000000000000
0x00007fff9a1cf460:   0000000000000000 0000000000000000 

Instructions: (pc=0x00007f92c5e392c3)
0x00007f92c5e392a3:   ec 38 48 85 ff 74 25 48 8b 05 5f 55 24 00 48 8b
0x00007f92c5e392b3:   00 ff 50 20 48 89 c3 e8 c1 4d 00 00 89 44 24 04
0x00007f92c5e392c3:   8b 43 24 ff c0 89 43 24 ff c8 74 23 48 8b 5c 24
0x00007f92c5e392d3:   08 48 8b 6c 24 10 4c 8b 64 24 18 4c 8b 6c 24 20 

Register to memory mapping:

RAX=0x0000000000003a5e is an unknown value
RBX=0x0000000000000000 is an unknown value
RCX=0x00007f92c046bc00 is an unknown value
RDX=0x0000000000000010 is an unknown value
RSP=0x00007fff9a1cf270 is an unknown value
RBP=0x0000000000000010 is an unknown value
RSI=0x000000000a02fe00 is an unknown value
RDI=0x00007f92c5a7e010 is an unknown value
R8 =0x0000000000000000 is an unknown value
R9 =0x0000000000000000 is an unknown value
R10=0x0000000000000000 is an unknown value
R11=0x00007f92d1018097: memset+0xa7 in /lib64/libc.so.6 at 0x00007f92d0f98000
R12=0x0000000000000010 is an unknown value
R13=0x000000000a02fe00 is an unknown value
R14=0x00007f92c5a7e010 is an unknown value
R15=0x00007f92c046bc00 is an unknown value


Stack: [0x00007fff9a0d1000,0x00007fff9a1d1000],  sp=0x00007fff9a1cf270,  free space=1016k
Native frames: (J=compiled Java code, j=interpreted, Vv=VM code, C=native code)
C  [libGL.so.1+0x9d2c3]  glXCreatePixmap+0x26da3

[error occurred during error reporting (printing native stack), id 0xb]


---------------  P R O C E S S  ---------------

VM state:at safepoint (shutting down)

VM Mutex/Monitor currently owned by a thread:  ([mutex/lock_event])
[0x00000000006073b0] Threads_lock - owner thread: 0x000000000068e000

Heap
 PSYoungGen      total 17920K, used 7039K [0x00000000ec000000, 0x00000000ed3f0000, 0x0000000100000000)
  eden space 15424K, 31% used [0x00000000ec000000,0x00000000ec4d1110,0x00000000ecf10000)
  from space 2496K, 84% used [0x00000000ecf10000,0x00000000ed11eb10,0x00000000ed180000)
  to   space 2496K, 0% used [0x00000000ed180000,0x00000000ed180000,0x00000000ed3f0000)
 ParOldGen       total 40960K, used 8K [0x00000000c4000000, 0x00000000c6800000, 0x00000000ec000000)
  object space 40960K, 0% used [0x00000000c4000000,0x00000000c4002000,0x00000000c6800000)
 PSPermGen       total 21248K, used 8109K [0x00000000bee00000, 0x00000000c02c0000, 0x00000000c4000000)
  object space 21248K, 38% used [0x00000000bee00000,0x00000000bf5eb7b8,0x00000000c02c0000)

Card table byte_map: [0x00007f92cc5ba000,0x00007f92cc7c4000] byte_map_base: 0x00007f92cbfc3000

Polling page: 0x00007f92d1b58000

Code Cache  [0x00007f92cc7c4000, 0x00007f92cca34000, 0x00007f92cf7c4000)
 total_blobs=626 nmethods=122 adapters=457 free_code_cache=48433Kb largest_free_block=49567680

Compilation events (10 events):
Event: 19,433 Thread 0x00000000006f1800 nmethod 114 0x00007f92cc878cd0 code [0x00007f92cc878e20, 0x00007f92cc878ea8]
Event: 19,433 Thread 0x00000000006f4800 nmethod 112 0x00007f92cc878a50 code [0x00007f92cc878ba0, 0x00007f92cc878c28]
Event: 22,552 Thread 0x00000000006f4800  116             java.nio.Bits::copyFromArray (70 bytes)
Event: 22,553 Thread 0x00000000006f4800 nmethod 116 0x00007f92cc872290 code [0x00007f92cc8723c0, 0x00007f92cc872458]
Event: 22,634 Thread 0x00000000006f1800  117             java.nio.Buffer::flip (20 bytes)
Event: 22,635 Thread 0x00000000006f1800 nmethod 117 0x00007f92cc872090 code [0x00007f92cc8721c0, 0x00007f92cc872218]
Event: 24,904 Thread 0x00000000006f1800  118             java.nio.Buffer::limit (5 bytes)
Event: 24,904 Thread 0x00000000006f1800 nmethod 118 0x00007f92cc871e90 code [0x00007f92cc871fc0, 0x00007f92cc872018]
Event: 27,155 Thread 0x00000000006f1800  119             java.lang.Math::max (11 bytes)
Event: 27,156 Thread 0x00000000006f1800 nmethod 119 0x00007f92cc871c90 code [0x00007f92cc871dc0, 0x00007f92cc871e18]

GC Heap History (2 events):
Event: 2,301 GC heap before
{Heap before GC invocations=1 (full 0):
 PSYoungGen      total 17920K, used 15424K [0x00000000ec000000, 0x00000000ed3f0000, 0x0000000100000000)
  eden space 15424K, 100% used [0x00000000ec000000,0x00000000ecf10000,0x00000000ecf10000)
  from space 2496K, 0% used [0x00000000ed180000,0x00000000ed180000,0x00000000ed3f0000)
  to   space 2496K, 0% used [0x00000000ecf10000,0x00000000ecf10000,0x00000000ed180000)
 ParOldGen       total 40960K, used 0K [0x00000000c4000000, 0x00000000c6800000, 0x00000000ec000000)
  object space 40960K, 0% used [0x00000000c4000000,0x00000000c4000000,0x00000000c6800000)
 PSPermGen       total 21248K, used 8028K [0x00000000bee00000, 0x00000000c02c0000, 0x00000000c4000000)
  object space 21248K, 37% used [0x00000000bee00000,0x00000000bf5d71e0,0x00000000c02c0000)
Event: 2,305 GC heap after
Heap after GC invocations=1 (full 0):
 PSYoungGen      total 17920K, used 2106K [0x00000000ec000000, 0x00000000ed3f0000, 0x0000000100000000)
  eden space 15424K, 0% used [0x00000000ec000000,0x00000000ec000000,0x00000000ecf10000)
  from space 2496K, 84% used [0x00000000ecf10000,0x00000000ed11eb10,0x00000000ed180000)
  to   space 2496K, 0% used [0x00000000ed180000,0x00000000ed180000,0x00000000ed3f0000)
 ParOldGen       total 40960K, used 8K [0x00000000c4000000, 0x00000000c6800000, 0x00000000ec000000)
  object space 40960K, 0% used [0x00000000c4000000,0x00000000c4002000,0x00000000c6800000)
 PSPermGen       total 21248K, used 8028K [0x00000000bee00000, 0x00000000c02c0000, 0x00000000c4000000)
  object space 21248K, 37% used [0x00000000bee00000,0x00000000bf5d71e0,0x00000000c02c0000)
}

Deoptimization events (4 events):
Event: 0,920 Thread 0x0000000000608800 Uncommon trap 193 fr.pc 0x00007f92cc85a70c
Event: 27,576 Thread 0x0000000000608800 Uncommon trap 272 fr.pc 0x00007f92cc8784a8
Event: 27,577 Thread 0x00007f92c083f800 Uncommon trap -83 fr.pc 0x00007f92cc878758
Event: 27,577 Thread 0x00007f92c083f800 Uncommon trap -83 fr.pc 0x00007f92cc8707b0

Internal exceptions (10 events):
Event: 0,959 Thread 0x0000000000608800 Threw 0x00000000eccd1668 at /HUDSON/workspace/jdk7u25-2-build-linux-amd64-product/jdk7u25/hotspot/src/share/vm/prims/jvm.cpp:1235
Event: 0,966 Thread 0x0000000000608800 Threw 0x00000000ece31728 at /HUDSON/workspace/jdk7u25-2-build-linux-amd64-product/jdk7u25/hotspot/src/share/vm/prims/jvm.cpp:1235
Event: 0,974 Thread 0x0000000000608800 Threw 0x00000000ece35b60 at /HUDSON/workspace/jdk7u25-2-build-linux-amd64-product/jdk7u25/hotspot/src/share/vm/prims/jvm.cpp:1235
Event: 0,975 Thread 0x0000000000608800 Threw 0x00000000ece3afe8 at /HUDSON/workspace/jdk7u25-2-build-linux-amd64-product/jdk7u25/hotspot/src/share/vm/prims/jvm.cpp:1235
Event: 0,993 Thread 0x0000000000608800 Threw 0x00000000ece5ece0 at /HUDSON/workspace/jdk7u25-2-build-linux-amd64-product/jdk7u25/hotspot/src/share/vm/prims/jvm.cpp:1235
Event: 0,995 Thread 0x0000000000608800 Threw 0x00000000ece709a8 at /HUDSON/workspace/jdk7u25-2-build-linux-amd64-product/jdk7u25/hotspot/src/share/vm/prims/jvm.cpp:1235
Event: 4,537 Thread 0x0000000000608800 Threw 0x00000000ec0c92c0 at /HUDSON/workspace/jdk7u25-2-build-linux-amd64-product/jdk7u25/hotspot/src/share/vm/prims/jvm.cpp:1235
Event: 27,577 Thread 0x00007f92c083f800 Implicit null exception at 0x00007f92cc8786f5 to 0x00007f92cc878749
Event: 27,577 Thread 0x00007f92c083f800 Implicit null exception at 0x00007f92cc87073f to 0x00007f92cc8707a1
Event: 27,577 Thread 0x00007f92c083f800 Threw 0x00000000ec49dd78 at /HUDSON/workspace/jdk7u25-2-build-linux-amd64-product/jdk7u25/hotspot/src/share/vm/prims/jvm.cpp:1235

Events (10 events):
Event: 27,577 Thread 0x00007f92c083f800 DEOPT PACKING pc=0x00007f92cc8707b0 sp=0x00007f92b9ccdad0
Event: 27,577 Thread 0x00007f92c083f800 DEOPT UNPACKING pc=0x00007f92cc7fd145 sp=0x00007f92b9ccdaa0 mode 2
Event: 27,577 loading class 0x00007f92c0013d70
Event: 27,577 loading class 0x00007f92c0013d70 done
Event: 27,577 loading class 0x000000000077df70 done
Event: 27,662 Executing VM operation: RevokeBias
Event: 27,662 Executing VM operation: RevokeBias done
Event: 27,663 Thread 0x00007f92c083f800 Thread exited: 0x00007f92c083f800
Event: 27,663 Thread 0x00007f92c083b000 Thread exited: 0x00007f92c083b000
Event: 27,663 Thread 0x00007f92c016a800 Thread exited: 0x00007f92c016a800


Dynamic libraries:
00400000-00401000 r-xp 00000000 08:04 3764801                            /usr/java/jdk1.7.0_25/bin/java
00600000-00601000 rw-p 00000000 08:04 3764801                            /usr/java/jdk1.7.0_25/bin/java
00601000-00b51000 rw-p 00000000 00:00 0                                  [heap]
4047e000-404fc000 rw-p 00000000 00:00 0 
bee00000-c02c0000 rw-p 00000000 00:00 0 
c02c0000-c4000000 rw-p 00000000 00:00 0 
c4000000-c6800000 rw-p 00000000 00:00 0 
c6800000-ec000000 rw-p 00000000 00:00 0 
ec000000-ed3f0000 rw-p 00000000 00:00 0 
ed3f0000-100000000 rw-p 00000000 00:00 0 
200000000-600000000 ---p 00000000 00:00 0 
7f92b91cf000-7f92b94d0000 rw-p 00000000 00:00 0 
7f92b9bcf000-7f92b9bd2000 ---p 00000000 00:00 0 
7f92b9bd2000-7f92b9cd0000 rwxp 00000000 00:00 0 
7f92b9cd0000-7f92b9cd3000 ---p 00000000 00:00 0 
7f92b9cd3000-7f92b9dd1000 rwxp 00000000 00:00 0 
7f92b9dd1000-7f92b9e0b000 r-xp 00000000 08:04 3765134                    /usr/java/jdk1.7.0_25/jre/lib/amd64/libjpeg.so
7f92b9e0b000-7f92ba00b000 ---p 0003a000 08:04 3765134                    /usr/java/jdk1.7.0_25/jre/lib/amd64/libjpeg.so
7f92ba00b000-7f92ba00c000 rw-p 0003a000 08:04 3765134                    /usr/java/jdk1.7.0_25/jre/lib/amd64/libjpeg.so
7f92ba00c000-7f92ba00d000 ---p 00000000 00:00 0 
7f92ba00d000-7f92ba80d000 rwxp 00000000 00:00 0 
7f92ba80d000-7f92ba80e000 ---p 00000000 00:00 0 
7f92ba80e000-7f92bb00e000 rwxp 00000000 00:00 0 
7f92bb00e000-7f92bb00f000 ---p 00000000 00:00 0 
7f92bb00f000-7f92bb80f000 rwxp 00000000 00:00 0 
7f92bb80f000-7f92bb810000 ---p 00000000 00:00 0 
7f92bb810000-7f92bc010000 rwxp 00000000 00:00 0 
7f92bc010000-7f92bc011000 ---p 00000000 00:00 0 
7f92bc011000-7f92bc811000 rwxp 00000000 00:00 0 
7f92bc811000-7f92bc911000 rw-p 00000000 00:00 0 
7f92bc911000-7f92bca11000 rw-s 88786000 00:05 5100                       /dev/nvidia0
7f92bca11000-7f92bcb11000 rw-p 00000000 00:00 0 
7f92bcb11000-7f92bcc11000 rw-s 9b42a000 00:05 5100                       /dev/nvidia0
7f92bcc11000-7f92bd013000 rw-s 8891f000 00:05 5100                       /dev/nvidia0
7f92bd013000-7f92bd415000 rw-s bfba7000 00:05 5100                       /dev/nvidia0
7f92bd415000-7f92bd416000 ---p 00000000 00:00 0 
7f92bd416000-7f92bdc16000 rwxp 00000000 00:00 0 
7f92bdc16000-7f92bf5e6000 r-xp 00000000 08:04 13650964                   /usr/lib64/libnvidia-glcore.so.304.64
7f92bf5e6000-7f92bf7e5000 ---p 019d0000 08:04 13650964                   /usr/lib64/libnvidia-glcore.so.304.64
7f92bf7e5000-7f92bffe6000 rwxp 019cf000 08:04 13650964                   /usr/lib64/libnvidia-glcore.so.304.64
7f92bffe6000-7f92c0000000 rwxp 00000000 00:00 0 
7f92c0000000-7f92c0900000 rw-p 00000000 00:00 0 
7f92c0900000-7f92c4000000 ---p 00000000 00:00 0 
7f92c4014000-7f92c4214000 rw-p 00000000 00:00 0 
7f92c4214000-7f92c422a000 r-xp 00000000 08:04 7365747                    /lib64/libz.so.1.2.5
7f92c422a000-7f92c442a000 ---p 00016000 08:04 7365747                    /lib64/libz.so.1.2.5
7f92c442a000-7f92c442b000 r--p 00016000 08:04 7365747                    /lib64/libz.so.1.2.5
7f92c442b000-7f92c442c000 rw-p 00017000 08:04 7365747                    /lib64/libz.so.1.2.5
7f92c442c000-7f92c4b75000 r-xp 00000000 08:04 13650966                   /usr/lib64/libnvidia-opencl.so.304.64
7f92c4b75000-7f92c4d75000 ---p 00749000 08:04 13650966                   /usr/lib64/libnvidia-opencl.so.304.64
7f92c4d75000-7f92c4e66000 rw-p 00749000 08:04 13650966                   /usr/lib64/libnvidia-opencl.so.304.64
7f92c4e66000-7f92c4e8c000 rw-p 00000000 00:00 0 
7f92c4ead000-7f92c4eb1000 r-xp 00000000 08:04 13585819                   /usr/lib64/libOpenCL.so.1.0.0
7f92c4eb1000-7f92c50b1000 ---p 00004000 08:04 13585819                   /usr/lib64/libOpenCL.so.1.0.0
7f92c50b1000-7f92c50b2000 rw-p 00004000 08:04 13585819                   /usr/lib64/libOpenCL.so.1.0.0
7f92c50d3000-7f92c52d3000 rw-s 2ac37000 00:05 5100                       /dev/nvidia0
7f92c52d3000-7f92c54d3000 rw-s 23e95000 00:05 5100                       /dev/nvidia0
7f92c54d3000-7f92c56d3000 rw-s 2ac35000 00:05 5100                       /dev/nvidia0
7f92c56d3000-7f92c57d3000 rw-s 88ae0000 00:05 5100                       /dev/nvidia0
7f92c5a7e000-7f92c5aff000 rw-p 00000000 00:00 0 
7f92c5aff000-7f92c5b5c000 r--p 00000000 08:04 170213                     /var/cache/libx11/compose/l4_030_313cb605_00280cc0
7f92c5b99000-7f92c5b9c000 r-xp 00000000 08:04 1080419                    /usr/lib64/tls/libnvidia-tls.so.304.64
7f92c5b9c000-7f92c5d9b000 ---p 00003000 08:04 1080419                    /usr/lib64/tls/libnvidia-tls.so.304.64
7f92c5d9b000-7f92c5d9c000 rw-p 00002000 08:04 1080419                    /usr/lib64/tls/libnvidia-tls.so.304.64
7f92c5d9c000-7f92c5e66000 r-xp 00000000 08:04 12701569                   /usr/X11R6/lib64/libGL.so.304.64
7f92c5e66000-7f92c6066000 ---p 000ca000 08:04 12701569                   /usr/X11R6/lib64/libGL.so.304.64
7f92c6066000-7f92c60a3000 rwxp 000ca000 08:04 12701569                   /usr/X11R6/lib64/libGL.so.304.64
7f92c60a3000-7f92c60e1000 rwxp 00000000 00:00 0 
7f92c60e1000-7f92c60e6000 r-xp 00000000 08:04 13586439                   /usr/lib64/libXxf86vm.so.1.0.0
7f92c60e6000-7f92c62e5000 ---p 00005000 08:04 13586439                   /usr/lib64/libXxf86vm.so.1.0.0
7f92c62e5000-7f92c62e6000 r--p 00004000 08:04 13586439                   /usr/lib64/libXxf86vm.so.1.0.0
7f92c62e6000-7f92c62e7000 rw-p 00005000 08:04 13586439                   /usr/lib64/libXxf86vm.so.1.0.0
7f92c62e7000-7f92c62ef000 r-xp 00000000 08:04 13586422                   /usr/lib64/libXrandr.so.2.2.0
7f92c62ef000-7f92c64ee000 ---p 00008000 08:04 13586422                   /usr/lib64/libXrandr.so.2.2.0
7f92c64ee000-7f92c64ef000 r--p 00007000 08:04 13586422                   /usr/lib64/libXrandr.so.2.2.0
7f92c64ef000-7f92c64f0000 rw-p 00008000 08:04 13586422                   /usr/lib64/libXrandr.so.2.2.0
7f92c64f0000-7f92c655a000 r-xp 00000000 00:1b 27952947                   /net/hel/export/9/student/t/tgraf/parallel/lwjgl-2.9.0/native/linux/liblwjgl64.so
7f92c655a000-7f92c675a000 ---p 0006a000 00:1b 27952947                   /net/hel/export/9/student/t/tgraf/parallel/lwjgl-2.9.0/native/linux/liblwjgl64.so
7f92c675a000-7f92c675c000 r--p 0006a000 00:1b 27952947                   /net/hel/export/9/student/t/tgraf/parallel/lwjgl-2.9.0/native/linux/liblwjgl64.so
7f92c675c000-7f92c675d000 rw-p 0006c000 00:1b 27952947                   /net/hel/export/9/student/t/tgraf/parallel/lwjgl-2.9.0/native/linux/liblwjgl64.so
7f92c675d000-7f92c675e000 r-xp 00000000 08:04 3765129                    /usr/java/jdk1.7.0_25/jre/lib/amd64/libjawt.so
7f92c675e000-7f92c695d000 ---p 00001000 08:04 3765129                    /usr/java/jdk1.7.0_25/jre/lib/amd64/libjawt.so
7f92c695d000-7f92c695e000 rw-p 00000000 08:04 3765129                    /usr/java/jdk1.7.0_25/jre/lib/amd64/libjawt.so
7f92c695e000-7f92c6a5f000 rwxp 00000000 00:00 0 
7f92c6a5f000-7f92c6a64000 r-xp 00000000 08:04 13587017                   /usr/lib64/libXfixes.so.3.1.0
7f92c6a64000-7f92c6c63000 ---p 00005000 08:04 13587017                   /usr/lib64/libXfixes.so.3.1.0
7f92c6c63000-7f92c6c64000 r--p 00004000 08:04 13587017                   /usr/lib64/libXfixes.so.3.1.0
7f92c6c64000-7f92c6c65000 rw-p 00005000 08:04 13587017                   /usr/lib64/libXfixes.so.3.1.0
7f92c6c65000-7f92c6c6f000 r-xp 00000000 08:04 13586403                   /usr/lib64/libXcursor.so.1.0.2
7f92c6c6f000-7f92c6e6e000 ---p 0000a000 08:04 13586403                   /usr/lib64/libXcursor.so.1.0.2
7f92c6e6e000-7f92c6e6f000 r--p 00009000 08:04 13586403                   /usr/lib64/libXcursor.so.1.0.2
7f92c6e6f000-7f92c6e70000 rw-p 0000a000 08:04 13586403                   /usr/lib64/libXcursor.so.1.0.2
7f92c6e70000-7f92c6e71000 rw-s f7eed000 00:05 5100                       /dev/nvidia0
7f92c6e71000-7f92c6e72000 rw-s 9b423000 00:05 5100                       /dev/nvidia0
7f92c6e72000-7f92c6e73000 rw-s f7eec000 00:05 5100                       /dev/nvidia0
7f92c6e73000-7f92c6e74000 rw-s c3c3c000 00:05 5100                       /dev/nvidia0
7f92c6e74000-7f92c6e91000 rw-s 115256000 00:05 5100                      /dev/nvidia0
7f92c6e91000-7f92c6f92000 rwxp 00000000 00:00 0 
7f92c6f92000-7f92c6f94000 r-xp 00000000 08:04 13585533                   /usr/lib64/libXau.so.6.0.0
7f92c6f94000-7f92c7194000 ---p 00002000 08:04 13585533                   /usr/lib64/libXau.so.6.0.0
7f92c7194000-7f92c7195000 r--p 00002000 08:04 13585533                   /usr/lib64/libXau.so.6.0.0
7f92c7195000-7f92c7196000 rw-p 00003000 08:04 13585533                   /usr/lib64/libXau.so.6.0.0
7f92c7196000-7f92c71b2000 r-xp 00000000 08:04 13586706                   /usr/lib64/libxcb.so.1.1.0
7f92c71b2000-7f92c73b1000 ---p 0001c000 08:04 13586706                   /usr/lib64/libxcb.so.1.1.0
7f92c73b1000-7f92c73b2000 r--p 0001b000 08:04 13586706                   /usr/lib64/libxcb.so.1.1.0
7f92c73b2000-7f92c73b3000 rw-p 0001c000 08:04 13586706                   /usr/lib64/libxcb.so.1.1.0
7f92c73b3000-7f92c73c2000 r-xp 00000000 08:04 13587101                   /usr/lib64/libXi.so.6.1.0
7f92c73c2000-7f92c75c1000 ---p 0000f000 08:04 13587101                   /usr/lib64/libXi.so.6.1.0
7f92c75c1000-7f92c75c2000 r--p 0000e000 08:04 13587101                   /usr/lib64/libXi.so.6.1.0
7f92c75c2000-7f92c75c3000 rw-p 0000f000 08:04 13587101                   /usr/lib64/libXi.so.6.1.0
7f92c75c3000-7f92c75c8000 r-xp 00000000 08:04 13586428                   /usr/lib64/libXtst.so.6.1.0
7f92c75c8000-7f92c77c8000 ---p 00005000 08:04 13586428                   /usr/lib64/libXtst.so.6.1.0
7f92c77c8000-7f92c77c9000 r--p 00005000 08:04 13586428                   /usr/lib64/libXtst.so.6.1.0
7f92c77c9000-7f92c77ca000 rw-p 00006000 08:04 13586428                   /usr/lib64/libXtst.so.6.1.0
7f92c77ca000-7f92c77d4000 r-xp 00000000 08:04 13587015                   /usr/lib64/libXrender.so.1.3.0
7f92c77d4000-7f92c79d3000 ---p 0000a000 08:04 13587015                   /usr/lib64/libXrender.so.1.3.0
7f92c79d3000-7f92c79d4000 r--p 00009000 08:04 13587015                   /usr/lib64/libXrender.so.1.3.0
7f92c79d4000-7f92c79d5000 rw-p 0000a000 08:04 13587015                   /usr/lib64/libXrender.so.1.3.0
7f92c79d5000-7f92c7b12000 r-xp 00000000 08:04 13586083                   /usr/lib64/libX11.so.6.3.0
7f92c7b12000-7f92c7d12000 ---p 0013d000 08:04 13586083                   /usr/lib64/libX11.so.6.3.0
7f92c7d12000-7f92c7d13000 r--p 0013d000 08:04 13586083                   /usr/lib64/libX11.so.6.3.0
7f92c7d13000-7f92c7d18000 rw-p 0013e000 08:04 13586083                   /usr/lib64/libX11.so.6.3.0
7f92c7d18000-7f92c7d2a000 r-xp 00000000 08:04 13587019                   /usr/lib64/libXext.so.6.4.0
7f92c7d2a000-7f92c7f29000 ---p 00012000 08:04 13587019                   /usr/lib64/libXext.so.6.4.0
7f92c7f29000-7f92c7f2a000 r--p 00011000 08:04 13587019                   /usr/lib64/libXext.so.6.4.0
7f92c7f2a000-7f92c7f2b000 rw-p 00012000 08:04 13587019                   /usr/lib64/libXext.so.6.4.0
7f92c7f2b000-7f92c7f2c000 r--s dc009000 00:05 5100                       /dev/nvidia0
7f92c7f2c000-7f92c7f2d000 rw-p 00000000 00:00 0 
7f92c7f2d000-7f92c7f4c000 r--p 00000000 08:04 5729555                    /usr/share/locale/de/LC_MESSAGES/libc.mo
7f92c7f4c000-7f92c7f9c000 r-xp 00000000 08:04 3765161                    /usr/java/jdk1.7.0_25/jre/lib/amd64/xawt/libmawt.so
7f92c7f9c000-7f92c819c000 ---p 00050000 08:04 3765161                    /usr/java/jdk1.7.0_25/jre/lib/amd64/xawt/libmawt.so
7f92c819c000-7f92c81a0000 rw-p 00050000 08:04 3765161                    /usr/java/jdk1.7.0_25/jre/lib/amd64/xawt/libmawt.so
7f92c81a0000-7f92c81a1000 rw-p 00000000 00:00 0 
7f92c81a1000-7f92c8244000 r-xp 00000000 08:04 3765110                    /usr/java/jdk1.7.0_25/jre/lib/amd64/libawt.so
7f92c8244000-7f92c8444000 ---p 000a3000 08:04 3765110                    /usr/java/jdk1.7.0_25/jre/lib/amd64/libawt.so
7f92c8444000-7f92c8450000 rw-p 000a3000 08:04 3765110                    /usr/java/jdk1.7.0_25/jre/lib/amd64/libawt.so
7f92c8450000-7f92c8474000 rw-p 00000000 00:00 0 
7f92c8474000-7f92c8475000 ---p 00000000 00:00 0 
7f92c8475000-7f92c8676000 rwxp 00000000 00:00 0 
7f92c8676000-7f92c8677000 ---p 00000000 00:00 0 
7f92c8677000-7f92c8777000 rwxp 00000000 00:00 0 
7f92c8777000-7f92c8778000 ---p 00000000 00:00 0 
7f92c8778000-7f92c8979000 rwxp 00000000 00:00 0 
7f92c8979000-7f92c89b8000 r--p 00000000 08:04 38458                      /usr/lib/locale/de_DE.utf8/LC_CTYPE
7f92c89b8000-7f92c89b9000 r--p 00000000 08:04 38550                      /usr/lib/locale/de_DE.utf8/LC_NUMERIC
7f92c89b9000-7f92c89ba000 r--p 00000000 08:04 36347                      /usr/lib/locale/de_DE.utf8/LC_TIME
7f92c89ba000-7f92c8ad7000 r--p 00000000 08:04 36345                      /usr/lib/locale/de_DE.utf8/LC_COLLATE
7f92c8ad7000-7f92c8cd9000 rwxp 00000000 00:00 0 
7f92c8cd9000-7f92c8cda000 ---p 00000000 00:00 0 
7f92c8cda000-7f92c8dda000 rwxp 00000000 00:00 0 
7f92c8dda000-7f92c97b6000 rw-p 00000000 00:00 0 
7f92c97b6000-7f92c9973000 r--s 039f9000 08:04 3767005                    /usr/java/jdk1.7.0_25/jre/lib/rt.jar
7f92c9973000-7f92cc24f000 rw-p 00000000 00:00 0 
7f92cc24f000-7f92cc250000 ---p 00000000 00:00 0 
7f92cc250000-7f92cc350000 rwxp 00000000 00:00 0 
7f92cc350000-7f92cc351000 ---p 00000000 00:00 0 
7f92cc351000-7f92cc451000 rwxp 00000000 00:00 0 
7f92cc451000-7f92cc45c000 rw-p 00000000 00:00 0 
7f92cc45c000-7f92cc47a000 rw-p 00000000 00:00 0 
7f92cc47a000-7f92cc48e000 rw-p 00000000 00:00 0 
7f92cc48e000-7f92cc5ba000 rw-p 00000000 00:00 0 
7f92cc5ba000-7f92cc5c5000 rw-p 00000000 00:00 0 
7f92cc5c5000-7f92cc5e3000 rw-p 00000000 00:00 0 
7f92cc5e3000-7f92cc5f7000 rw-p 00000000 00:00 0 
7f92cc5f7000-7f92cc723000 rw-p 00000000 00:00 0 
7f92cc723000-7f92cc72d000 rw-p 00000000 00:00 0 
7f92cc72d000-7f92cc7c3000 rw-p 00000000 00:00 0 
7f92cc7c3000-7f92cc7c4000 rw-p 00000000 00:00 0 
7f92cc7c4000-7f92cca34000 rwxp 00000000 00:00 0 
7f92cca34000-7f92cf7c4000 rw-p 00000000 00:00 0 
7f92cf7c4000-7f92cf7df000 r-xp 00000000 08:04 3765155                    /usr/java/jdk1.7.0_25/jre/lib/amd64/libzip.so
7f92cf7df000-7f92cf9de000 ---p 0001b000 08:04 3765155                    /usr/java/jdk1.7.0_25/jre/lib/amd64/libzip.so
7f92cf9de000-7f92cf9df000 rw-p 0001a000 08:04 3765155                    /usr/java/jdk1.7.0_25/jre/lib/amd64/libzip.so
7f92cf9df000-7f92cfa08000 r-xp 00000000 08:04 3765124                    /usr/java/jdk1.7.0_25/jre/lib/amd64/libjava.so
7f92cfa08000-7f92cfc08000 ---p 00029000 08:04 3765124                    /usr/java/jdk1.7.0_25/jre/lib/amd64/libjava.so
7f92cfc08000-7f92cfc0a000 rw-p 00029000 08:04 3765124                    /usr/java/jdk1.7.0_25/jre/lib/amd64/libjava.so
7f92cfc0a000-7f92cfc17000 r-xp 00000000 08:04 3765154                    /usr/java/jdk1.7.0_25/jre/lib/amd64/libverify.so
7f92cfc17000-7f92cfe16000 ---p 0000d000 08:04 3765154                    /usr/java/jdk1.7.0_25/jre/lib/amd64/libverify.so
7f92cfe16000-7f92cfe18000 rw-p 0000c000 08:04 3765154                    /usr/java/jdk1.7.0_25/jre/lib/amd64/libverify.so
7f92cfe18000-7f92cfe20000 r-xp 00000000 08:04 7365671                    /lib64/librt-2.11.3.so
7f92cfe20000-7f92d001f000 ---p 00008000 08:04 7365671                    /lib64/librt-2.11.3.so
7f92d001f000-7f92d0020000 r--p 00007000 08:04 7365671                    /lib64/librt-2.11.3.so
7f92d0020000-7f92d0021000 rw-p 00008000 08:04 7365671                    /lib64/librt-2.11.3.so
7f92d0021000-7f92d0077000 r-xp 00000000 08:04 7365625                    /lib64/libm-2.11.3.so
7f92d0077000-7f92d0276000 ---p 00056000 08:04 7365625                    /lib64/libm-2.11.3.so
7f92d0276000-7f92d0277000 r--p 00055000 08:04 7365625                    /lib64/libm-2.11.3.so
7f92d0277000-7f92d0278000 rw-p 00056000 08:04 7365625                    /lib64/libm-2.11.3.so
7f92d0278000-7f92d0cb9000 r-xp 00000000 08:04 3765159                    /usr/java/jdk1.7.0_25/jre/lib/amd64/server/libjvm.so
7f92d0cb9000-7f92d0eb9000 ---p 00a41000 08:04 3765159                    /usr/java/jdk1.7.0_25/jre/lib/amd64/server/libjvm.so
7f92d0eb9000-7f92d0f5c000 rw-p 00a41000 08:04 3765159                    /usr/java/jdk1.7.0_25/jre/lib/amd64/server/libjvm.so
7f92d0f5c000-7f92d0f98000 rw-p 00000000 00:00 0 
7f92d0f98000-7f92d10fc000 r-xp 00000000 08:04 7365605                    /lib64/libc-2.11.3.so
7f92d10fc000-7f92d12fb000 ---p 00164000 08:04 7365605                    /lib64/libc-2.11.3.so
7f92d12fb000-7f92d12ff000 r--p 00163000 08:04 7365605                    /lib64/libc-2.11.3.so
7f92d12ff000-7f92d1300000 rw-p 00167000 08:04 7365605                    /lib64/libc-2.11.3.so
7f92d1300000-7f92d1305000 rw-p 00000000 00:00 0 
7f92d1305000-7f92d1307000 r-xp 00000000 08:04 7365619                    /lib64/libdl-2.11.3.so
7f92d1307000-7f92d1507000 ---p 00002000 08:04 7365619                    /lib64/libdl-2.11.3.so
7f92d1507000-7f92d1508000 r--p 00002000 08:04 7365619                    /lib64/libdl-2.11.3.so
7f92d1508000-7f92d1509000 rw-p 00003000 08:04 7365619                    /lib64/libdl-2.11.3.so
7f92d1509000-7f92d151f000 r-xp 00000000 08:04 3765106                    /usr/java/jdk1.7.0_25/jre/lib/amd64/jli/libjli.so
7f92d151f000-7f92d171f000 ---p 00016000 08:04 3765106                    /usr/java/jdk1.7.0_25/jre/lib/amd64/jli/libjli.so
7f92d171f000-7f92d1720000 rw-p 00016000 08:04 3765106                    /usr/java/jdk1.7.0_25/jre/lib/amd64/jli/libjli.so
7f92d1720000-7f92d1737000 r-xp 00000000 08:04 7365631                    /lib64/libpthread-2.11.3.so
7f92d1737000-7f92d1937000 ---p 00017000 08:04 7365631                    /lib64/libpthread-2.11.3.so
7f92d1937000-7f92d1938000 r--p 00017000 08:04 7365631                    /lib64/libpthread-2.11.3.so
7f92d1938000-7f92d1939000 rw-p 00018000 08:04 7365631                    /lib64/libpthread-2.11.3.so
7f92d1939000-7f92d193d000 rw-p 00000000 00:00 0 
7f92d193d000-7f92d195b000 r-xp 00000000 08:04 7365607                    /lib64/ld-2.11.3.so
7f92d195b000-7f92d195c000 rw-p 00000000 00:00 0 
7f92d1966000-7f92d1973000 r--s 000e6000 00:1b 27952939                   /net/hel/export/9/student/t/tgraf/parallel/lwjgl-2.9.0/jar/lwjgl.jar
7f92d1973000-7f92d197d000 rw-p 00000000 00:00 0 
7f92d197d000-7f92d1a33000 rw-p 00000000 00:00 0 
7f92d1a33000-7f92d1a36000 ---p 00000000 00:00 0 
7f92d1a36000-7f92d1b34000 rwxp 00000000 00:00 0 
7f92d1b34000-7f92d1b38000 rw-p 00000000 00:00 0 
7f92d1b3a000-7f92d1b3b000 rw-p 00000000 00:00 0 
7f92d1b3b000-7f92d1b3c000 rw-s dc060000 00:05 5100                       /dev/nvidia0
7f92d1b3c000-7f92d1b40000 r--s 00027000 00:1b 27952941                   /net/hel/export/9/student/t/tgraf/parallel/lwjgl-2.9.0/jar/lwjgl_util.jar
7f92d1b40000-7f92d1b41000 r--p 00000000 08:04 38591                      /usr/lib/locale/de_DE.utf8/LC_MONETARY
7f92d1b41000-7f92d1b42000 r--p 00000000 08:04 38457                      /usr/lib/locale/de_DE.utf8/LC_MESSAGES/SYS_LC_MESSAGES
7f92d1b42000-7f92d1b43000 r--p 00000000 08:04 38626                      /usr/lib/locale/de_DE.utf8/LC_PAPER
7f92d1b43000-7f92d1b44000 r--p 00000000 08:04 38433                      /usr/lib/locale/de_DE.utf8/LC_NAME
7f92d1b44000-7f92d1b45000 r--p 00000000 08:04 36344                      /usr/lib/locale/de_DE.utf8/LC_ADDRESS
7f92d1b45000-7f92d1b46000 r--p 00000000 08:04 38432                      /usr/lib/locale/de_DE.utf8/LC_TELEPHONE
7f92d1b46000-7f92d1b47000 r--p 00000000 08:04 38630                      /usr/lib/locale/de_DE.utf8/LC_MEASUREMENT
7f92d1b47000-7f92d1b4e000 r--s 00000000 08:04 10312089                   /usr/lib64/gconv/gconv-modules.cache
7f92d1b4e000-7f92d1b4f000 r--p 00000000 08:04 36346                      /usr/lib/locale/de_DE.utf8/LC_IDENTIFICATION
7f92d1b4f000-7f92d1b57000 rw-s 00000000 08:04 2521042                    /tmp/hsperfdata_tgraf/14942 (deleted)
7f92d1b57000-7f92d1b58000 rw-p 00000000 00:00 0 
7f92d1b58000-7f92d1b59000 ---p 00000000 00:00 0 
7f92d1b59000-7f92d1b5a000 rw-p 00000000 00:00 0 
7f92d1b5a000-7f92d1b5b000 r--p 0001d000 08:04 7365607                    /lib64/ld-2.11.3.so
7f92d1b5b000-7f92d1b5c000 rw-p 0001e000 08:04 7365607                    /lib64/ld-2.11.3.so
7f92d1b5c000-7f92d1b5d000 rw-p 00000000 00:00 0 
7fff9a1b0000-7fff9a1d0000 rwxp 00000000 00:00 0                          [stack]
7fff9a1d0000-7fff9a1d1000 rw-p 00000000 00:00 0 
7fff9a1ff000-7fff9a200000 r-xp 00000000 00:00 0                          [vdso]
ffffffffff600000-ffffffffff601000 r-xp 00000000 00:00 0                  [vsyscall]

VM Arguments:
jvm_args: -Djava.library.path=/home/student/t/tgraf/parallel/lwjgl-2.9.0/native/linux:/home/student/t/tgraf/parallel/lwjgl-2.9.0/native/linux -Dfile.encoding=UTF-8 
java_command: main.Main
Launcher Type: SUN_STANDARD

Environment Variables:
CLASSPATH=.:..:/home/ainf/Aktuell/Packages/AlgoTools.jar:/home/ainf/Vorlesung
PATH=/usr/local/rvm/gems/ruby-1.9.3-p125/bin:/usr/local/rvm/gems/ruby-1.9.3-p125@global/bin:/usr/local/rvm/rubies/ruby-1.9.3-p125/bin:/usr/local/rvm/bin:/usr/local/bin:/usr/bin:/bin:/usr/bin/X11:/usr/X11R6/bin:/usr/games
SHELL=/bin/sh
DISPLAY=:0
HOSTTYPE=x86_64
OSTYPE=linux
MACHTYPE=x86_64-suse-linux

Signal Handlers:
SIGSEGV: [libjvm.so+0x8a26a0], sa_mask[0]=0x7ffbfeff, sa_flags=0x10000004
SIGBUS: [libjvm.so+0x8a26a0], sa_mask[0]=0x7ffbfeff, sa_flags=0x10000004
SIGFPE: [libjvm.so+0x73f3d0], sa_mask[0]=0x7ffbfeff, sa_flags=0x10000004
SIGPIPE: [libjvm.so+0x73f3d0], sa_mask[0]=0x7ffbfeff, sa_flags=0x10000004
SIGXFSZ: [libjvm.so+0x73f3d0], sa_mask[0]=0x7ffbfeff, sa_flags=0x10000004
SIGILL: [libjvm.so+0x73f3d0], sa_mask[0]=0x7ffbfeff, sa_flags=0x10000004
SIGUSR1: SIG_DFL, sa_mask[0]=0x00000000, sa_flags=0x00000000
SIGUSR2: [libjvm.so+0x73ed20], sa_mask[0]=0x00000004, sa_flags=0x10000004
SIGHUP: [libjvm.so+0x7410b0], sa_mask[0]=0x7ffbfeff, sa_flags=0x10000004
SIGINT: [libjvm.so+0x7410b0], sa_mask[0]=0x7ffbfeff, sa_flags=0x10000004
SIGTERM: [libjvm.so+0x7410b0], sa_mask[0]=0x7ffbfeff, sa_flags=0x10000004
SIGQUIT: [libjvm.so+0x7410b0], sa_mask[0]=0x7ffbfeff, sa_flags=0x10000004


---------------  S Y S T E M  ---------------

OS:openSUSE 11.4 (x86_64)
VERSION = 11.4
CODENAME = Celadon

uname:Linux 2.6.37.6-24-desktop #1 SMP PREEMPT 2012-10-18 22:36:08 +0200 x86_64
libc:glibc 2.11.3 NPTL 2.11.3 
rlimit: STACK 8192k, CORE 0k, NPROC 30557, NOFILE 8192, AS infinity
load average:0,45 0,64 0,42

/proc/meminfo:
MemTotal:        3924232 kB
MemFree:         1060504 kB
Buffers:          177592 kB
Cached:          1382108 kB
SwapCached:            4 kB
Active:          1754088 kB
Inactive:         846644 kB
Active(anon):    1019728 kB
Inactive(anon):    23168 kB
Active(file):     734360 kB
Inactive(file):   823476 kB
Unevictable:           0 kB
Mlocked:               0 kB
SwapTotal:       2099196 kB
SwapFree:        2099192 kB
Dirty:               208 kB
Writeback:             0 kB
AnonPages:       1041056 kB
Mapped:           217576 kB
Shmem:              1868 kB
Slab:             116812 kB
SReclaimable:      87384 kB
SUnreclaim:        29428 kB
KernelStack:        2760 kB
PageTables:        21632 kB
NFS_Unstable:        196 kB
Bounce:                0 kB
WritebackTmp:          0 kB
CommitLimit:     4061312 kB
Committed_AS:    3241248 kB
VmallocTotal:   34359738367 kB
VmallocUsed:      328708 kB
VmallocChunk:   34359403004 kB
HardwareCorrupted:     0 kB
HugePages_Total:       0
HugePages_Free:        0
HugePages_Rsvd:        0
HugePages_Surp:        0
Hugepagesize:       2048 kB
DirectMap4k:      223228 kB
DirectMap2M:     3837952 kB


CPU:total 2 (2 cores per cpu, 1 threads per core) family 6 model 23 stepping 10, cmov, cx8, fxsr, mmx, sse, sse2, sse3, ssse3, sse4.1, tsc

/proc/cpuinfo:
processor	: 0
vendor_id	: GenuineIntel
cpu family	: 6
model		: 23
model name	: Intel(R) Core(TM)2 Duo CPU     E8400  @ 3.00GHz
stepping	: 10
cpu MHz		: 3000.000
cache size	: 6144 KB
physical id	: 0
siblings	: 2
core id		: 0
cpu cores	: 2
apicid		: 0
initial apicid	: 0
fpu		: yes
fpu_exception	: yes
cpuid level	: 13
wp		: yes
flags		: fpu vme de pse tsc msr pae mce cx8 apic sep mtrr pge mca cmov pat pse36 clflush dts acpi mmx fxsr sse sse2 ss ht tm pbe syscall nx lm constant_tsc arch_perfmon pebs bts rep_good nopl aperfmperf pni dtes64 monitor ds_cpl vmx smx est tm2 ssse3 cx16 xtpr pdcm sse4_1 xsave lahf_lm dts tpr_shadow vnmi flexpriority
bogomips	: 5985.78
clflush size	: 64
cache_alignment	: 64
address sizes	: 36 bits physical, 48 bits virtual
power management:

processor	: 1
vendor_id	: GenuineIntel
cpu family	: 6
model		: 23
model name	: Intel(R) Core(TM)2 Duo CPU     E8400  @ 3.00GHz
stepping	: 10
cpu MHz		: 3000.000
cache size	: 6144 KB
physical id	: 0
siblings	: 2
core id		: 1
cpu cores	: 2
apicid		: 1
initial apicid	: 1
fpu		: yes
fpu_exception	: yes
cpuid level	: 13
wp		: yes
flags		: fpu vme de pse tsc msr pae mce cx8 apic sep mtrr pge mca cmov pat pse36 clflush dts acpi mmx fxsr sse sse2 ss ht tm pbe syscall nx lm constant_tsc arch_perfmon pebs bts rep_good nopl aperfmperf pni dtes64 monitor ds_cpl vmx smx est tm2 ssse3 cx16 xtpr pdcm sse4_1 xsave lahf_lm dts tpr_shadow vnmi flexpriority
bogomips	: 5984.65
clflush size	: 64
cache_alignment	: 64
address sizes	: 36 bits physical, 48 bits virtual
power management:



Memory: 4k page, physical 3924232k(1060504k free), swap 2099196k(2099192k free)

vm_info: Java HotSpot(TM) 64-Bit Server VM (23.25-b01) for linux-amd64 JRE (1.7.0_25-b15), built on Jun  5 2013 20:48:36 by "java_re" with gcc 4.3.0 20080428 (Red Hat 4.3.0-8)

time: Tue Aug 20 14:45:41 2013
elapsed time: 27 seconds

