#
# A fatal error has been detected by the Java Runtime Environment:
#
#  SIGSEGV (0xb) at pc=0x00007f6162cd82c3, pid=11831, tid=140056444356352
#
# JRE version: 7.0_25-b15
# Java VM: Java HotSpot(TM) 64-Bit Server VM (23.25-b01 mixed mode linux-amd64 compressed oops)
# Problematic frame:
# C  [libGL.so.1+0x9d2c3]  glXCreatePixmap+0x26da3
#
# Failed to write core dump. Core dumps have been disabled. To enable core dumping, try "ulimit -c unlimited" before starting Java again
#
# If you would like to submit a bug report, please visit:
#   http://bugreport.sun.com/bugreport/crash.jsp
#

---------------  T H R E A D  ---------------

Current thread is native thread

siginfo:si_signo=SIGSEGV: si_errno=0, si_code=1 (SEGV_MAPERR), si_addr=0x0000000000000024

Registers:
RAX=0x0000000000002e37, RBX=0x0000000000000000, RCX=0x00007f615c496b00, RDX=0x0000000000000010
RSP=0x00007ffff6316660, RBP=0x0000000000000010, RSI=0x000000000978fe00, RDI=0x00007f6160533010
R8 =0x0000000000000000, R9 =0x0000000000000000, R10=0x0000000000000000, R11=0x00007f616deb7097
R12=0x0000000000000010, R13=0x000000000978fe00, R14=0x00007f6160533010, R15=0x00007f615c496b00
RIP=0x00007f6162cd82c3, EFLAGS=0x0000000000010202, CSGSFS=0x0000000000000033, ERR=0x0000000000000004
  TRAPNO=0x000000000000000e

Top of Stack: (sp=0x00007ffff6316660)
0x00007ffff6316660:   00002e370ea4b293 0000000000000002
0x00007ffff6316670:   0000000000000010 0000000000000010
0x00007ffff6316680:   000000000978fe00 00007f6160533010
0x00007ffff6316690:   00007f615c496b00 00007f616194fcdb
0x00007ffff63166a0:   00007f616de42710 00007ffff63166c0
0x00007ffff63166b0:   00007f615c496b00 0000001000000002
0x00007ffff63166c0:   0000000000000001 0000000000000001
0x00007ffff63166d0:   00000000000000ff 00007f616193dc7c
0x00007ffff63166e0:   00007f6162c572c5 0000000000000002
0x00007ffff63166f0:   00007ffff6316810 00007f615c496960
0x00007ffff6316700:   0000000000000000 0000000000000000
0x00007ffff6316710:   0000000000000000 00007f616193e9ad
0x00007ffff6316720:   00007ffff6316860 00007f615c05b9b0
0x00007ffff6316730:   00007ffff6316888 00007f616e7e4a9a
0x00007ffff6316740:   000000000ea4b293 00000010f63167d0
0x00007ffff6316750:   0000000000000000 000000046e7e4ad4
0x00007ffff6316760:   00007f6160533010 00000004f63167f0
0x00007ffff6316770:   000000107c96f087 00000012ffffffef
0x00007ffff6316780:   000000000000000b 0000000000768200
0x00007ffff6316790:   000000000e5fc15f 00007f616e7e51a1
0x00007ffff63167a0:   0000000000000016 00007f610000001f
0x00007ffff63167b0:   0000000000397f05 00007f616487831c
0x00007ffff63167c0:   00007ffff6316940 00007f6164878ef8
0x00007ffff63167d0:   00007f616487c828 0000000000000000
0x00007ffff63167e0:   0000000000767e88 00007f616e9d69b8
0x00007ffff63167f0:   00000000007658f0 0000000000000000
0x00007ffff6316800:   0000000000000000 0000000000765d90
0x00007ffff6316810:   ffffffffffffffff 0000000000000000
0x00007ffff6316820:   0000000000000000 0000000000000000
0x00007ffff6316830:   0000000000000000 0000000000000000
0x00007ffff6316840:   0000000000000000 0000000000000000
0x00007ffff6316850:   0000000000000000 0000000000000000 

Instructions: (pc=0x00007f6162cd82c3)
0x00007f6162cd82a3:   ec 38 48 85 ff 74 25 48 8b 05 5f 55 24 00 48 8b
0x00007f6162cd82b3:   00 ff 50 20 48 89 c3 e8 c1 4d 00 00 89 44 24 04
0x00007f6162cd82c3:   8b 43 24 ff c0 89 43 24 ff c8 74 23 48 8b 5c 24
0x00007f6162cd82d3:   08 48 8b 6c 24 10 4c 8b 64 24 18 4c 8b 6c 24 20 

Register to memory mapping:

RAX=0x0000000000002e37 is an unknown value
RBX=0x0000000000000000 is an unknown value
RCX=0x00007f615c496b00 is an unknown value
RDX=0x0000000000000010 is an unknown value
RSP=0x00007ffff6316660 is an unknown value
RBP=0x0000000000000010 is an unknown value
RSI=0x000000000978fe00 is an unknown value
RDI=0x00007f6160533010 is an unknown value
R8 =0x0000000000000000 is an unknown value
R9 =0x0000000000000000 is an unknown value
R10=0x0000000000000000 is an unknown value
R11=0x00007f616deb7097: memset+0xa7 in /lib64/libc.so.6 at 0x00007f616de37000
R12=0x0000000000000010 is an unknown value
R13=0x000000000978fe00 is an unknown value
R14=0x00007f6160533010 is an unknown value
R15=0x00007f615c496b00 is an unknown value


Stack: [0x00007ffff6218000,0x00007ffff6318000],  sp=0x00007ffff6316660,  free space=1017k
Native frames: (J=compiled Java code, j=interpreted, Vv=VM code, C=native code)
C  [libGL.so.1+0x9d2c3]  glXCreatePixmap+0x26da3

[error occurred during error reporting (printing native stack), id 0xb]


---------------  P R O C E S S  ---------------

VM state:at safepoint (shutting down)

VM Mutex/Monitor currently owned by a thread:  ([mutex/lock_event])
[0x00000000006073b0] Threads_lock - owner thread: 0x000000000068e000

Heap
 PSYoungGen      total 17920K, used 14347K [0x00000000ec000000, 0x00000000ed3f0000, 0x0000000100000000)
  eden space 15424K, 93% used [0x00000000ec000000,0x00000000ece02f40,0x00000000ecf10000)
  from space 2496K, 0% used [0x00000000ed180000,0x00000000ed180000,0x00000000ed3f0000)
  to   space 2496K, 0% used [0x00000000ecf10000,0x00000000ecf10000,0x00000000ed180000)
 ParOldGen       total 40960K, used 0K [0x00000000c4000000, 0x00000000c6800000, 0x00000000ec000000)
  object space 40960K, 0% used [0x00000000c4000000,0x00000000c4000000,0x00000000c6800000)
 PSPermGen       total 21248K, used 8114K [0x00000000bee00000, 0x00000000c02c0000, 0x00000000c4000000)
  object space 21248K, 38% used [0x00000000bee00000,0x00000000bf5eca28,0x00000000c02c0000)

Card table byte_map: [0x00007f6169459000,0x00007f6169663000] byte_map_base: 0x00007f6168e62000

Polling page: 0x00007f616e9f7000

Code Cache  [0x00007f6169663000, 0x00007f61698d3000, 0x00007f616c663000)
 total_blobs=605 nmethods=104 adapters=454 free_code_cache=48447Kb largest_free_block=49593600

Compilation events (10 events):
Event: 11,343 Thread 0x00000000006f1800   98             visualize.gl.Buffer$GLBuffer::loadFloatData (22 bytes)
Event: 11,348 Thread 0x00000000006f1800 nmethod 98 0x00007f6169712110 code [0x00007f61697122e0, 0x00007f61697127c8]
Event: 11,348 Thread 0x00000000006f1800   99             org.lwjgl.opengl.GL15::glBufferData (38 bytes)
Event: 11,350 Thread 0x00000000006f1800 nmethod 99 0x00007f6169711bd0 code [0x00007f6169711d40, 0x00007f6169711ea8]
Event: 11,893 Thread 0x00000000006f1800  100             org.lwjgl.PointerWrapperAbstract::checkValid (52 bytes)
Event: 11,894 Thread 0x00000000006f1800 nmethod 100 0x00007f61697102d0 code [0x00007f6169710400, 0x00007f6169710458]
Event: 11,894 Thread 0x00000000006f1800  101             org.lwjgl.PointerWrapperAbstract::getPointer (9 bytes)
Event: 11,894 Thread 0x00000000006f1800 nmethod 101 0x00007f616970e810 code [0x00007f616970e940, 0x00007f616970e998]
Event: 12,344 Thread 0x00000000006f1800  102             java.util.concurrent.locks.AbstractQueuedSynchronizer::getState (5 bytes)
Event: 12,344 Thread 0x00000000006f1800 nmethod 102 0x00007f616970e5d0 code [0x00007f616970e700, 0x00007f616970e758]

GC Heap History (0 events):
No events

Deoptimization events (0 events):
No events

Internal exceptions (10 events):
Event: 0,839 Thread 0x0000000000608800 Threw 0x00000000ec846a20 at /HUDSON/workspace/jdk7u25-2-build-linux-amd64-product/jdk7u25/hotspot/src/share/vm/prims/jvm.cpp:1235
Event: 0,843 Thread 0x0000000000608800 Threw 0x00000000ec848740 at /HUDSON/workspace/jdk7u25-2-build-linux-amd64-product/jdk7u25/hotspot/src/share/vm/prims/jvm.cpp:1235
Event: 0,846 Thread 0x0000000000608800 Threw 0x00000000ec854710 at /HUDSON/workspace/jdk7u25-2-build-linux-amd64-product/jdk7u25/hotspot/src/share/vm/prims/jvm.cpp:1235
Event: 0,854 Thread 0x0000000000608800 Threw 0x00000000ec9b3f08 at /HUDSON/workspace/jdk7u25-2-build-linux-amd64-product/jdk7u25/hotspot/src/share/vm/prims/jvm.cpp:1235
Event: 0,866 Thread 0x0000000000608800 Threw 0x00000000ec9b8340 at /HUDSON/workspace/jdk7u25-2-build-linux-amd64-product/jdk7u25/hotspot/src/share/vm/prims/jvm.cpp:1235
Event: 0,867 Thread 0x0000000000608800 Threw 0x00000000ec9bd7c8 at /HUDSON/workspace/jdk7u25-2-build-linux-amd64-product/jdk7u25/hotspot/src/share/vm/prims/jvm.cpp:1235
Event: 0,887 Thread 0x0000000000608800 Threw 0x00000000ec9e14c0 at /HUDSON/workspace/jdk7u25-2-build-linux-amd64-product/jdk7u25/hotspot/src/share/vm/prims/jvm.cpp:1235
Event: 0,889 Thread 0x0000000000608800 Threw 0x00000000ec9f3188 at /HUDSON/workspace/jdk7u25-2-build-linux-amd64-product/jdk7u25/hotspot/src/share/vm/prims/jvm.cpp:1235
Event: 1,703 Thread 0x0000000000608800 Threw 0x00000000eca80e18 at /HUDSON/workspace/jdk7u25-2-build-linux-amd64-product/jdk7u25/hotspot/src/share/vm/prims/jvm.cpp:1235
Event: 12,795 Thread 0x00007f615c854000 Threw 0x00000000ecd68f08 at /HUDSON/workspace/jdk7u25-2-build-linux-amd64-product/jdk7u25/hotspot/src/share/vm/prims/jvm.cpp:1235

Events (10 events):
Event: 12,796 loading class 0x0000000000afdd10
Event: 12,796 loading class 0x0000000000afdd10 done
Event: 12,796 loading class 0x0000000000afdeb0
Event: 12,796 loading class 0x0000000000afdeb0 done
Event: 12,796 loading class 0x000000000077df70 done
Event: 12,901 Executing VM operation: RevokeBias
Event: 12,901 Executing VM operation: RevokeBias done
Event: 12,902 Thread 0x00007f615c854000 Thread exited: 0x00007f615c854000
Event: 12,903 Thread 0x00007f615c826800 Thread exited: 0x00007f615c826800
Event: 12,903 Thread 0x00007f615c853000 Thread exited: 0x00007f615c853000


Dynamic libraries:
00400000-00401000 r-xp 00000000 08:04 3764801                            /usr/java/jdk1.7.0_25/bin/java
00600000-00601000 rw-p 00000000 08:04 3764801                            /usr/java/jdk1.7.0_25/bin/java
00601000-00ca8000 rw-p 00000000 00:00 0                                  [heap]
41f51000-41fcf000 rw-p 00000000 00:00 0 
bee00000-c02c0000 rw-p 00000000 00:00 0 
c02c0000-c4000000 rw-p 00000000 00:00 0 
c4000000-c6800000 rw-p 00000000 00:00 0 
c6800000-ec000000 rw-p 00000000 00:00 0 
ec000000-ed3f0000 rw-p 00000000 00:00 0 
ed3f0000-100000000 rw-p 00000000 00:00 0 
200000000-600000000 ---p 00000000 00:00 0 
7f6156a75000-7f6156a78000 ---p 00000000 00:00 0 
7f6156a78000-7f6156b76000 rwxp 00000000 00:00 0 
7f6156b76000-7f6156b79000 ---p 00000000 00:00 0 
7f6156b79000-7f6156c77000 rwxp 00000000 00:00 0 
7f6156c77000-7f6156e77000 rw-s 26246000 00:05 5100                       /dev/nvidia0
7f6156e77000-7f6156e78000 ---p 00000000 00:00 0 
7f6156e78000-7f6157678000 rwxp 00000000 00:00 0 
7f6157678000-7f6157679000 ---p 00000000 00:00 0 
7f6157679000-7f6157e79000 rwxp 00000000 00:00 0 
7f6157e79000-7f6157e7a000 ---p 00000000 00:00 0 
7f6157e7a000-7f615867a000 rwxp 00000000 00:00 0 
7f615867a000-7f615867b000 ---p 00000000 00:00 0 
7f615867b000-7f6158e7b000 rwxp 00000000 00:00 0 
7f6158e7b000-7f6158e7c000 ---p 00000000 00:00 0 
7f6158e7c000-7f615967c000 rwxp 00000000 00:00 0 
7f615967c000-7f615977c000 rw-p 00000000 00:00 0 
7f615977c000-7f615987c000 rw-s 88aa9000 00:05 5100                       /dev/nvidia0
7f615987c000-7f615997c000 rw-p 00000000 00:00 0 
7f615997c000-7f6159a7c000 rw-s beace000 00:05 5100                       /dev/nvidia0
7f6159a7c000-7f6159b7c000 rw-p 00000000 00:00 0 
7f6159b7c000-7f6159b7d000 rw-s f7eea000 00:05 5100                       /dev/nvidia0
7f6159b7d000-7f6159b7e000 rw-s beac2000 00:05 5100                       /dev/nvidia0
7f6159b7e000-7f6159f80000 rw-s bc7be000 00:05 5100                       /dev/nvidia0
7f6159f80000-7f615a382000 rw-s 33225000 00:05 5100                       /dev/nvidia0
7f615a382000-7f615a383000 ---p 00000000 00:00 0 
7f615a383000-7f615ab83000 rwxp 00000000 00:00 0 
7f615ab83000-7f615ab99000 r-xp 00000000 08:04 7365747                    /lib64/libz.so.1.2.5
7f615ab99000-7f615ad99000 ---p 00016000 08:04 7365747                    /lib64/libz.so.1.2.5
7f615ad99000-7f615ad9a000 r--p 00016000 08:04 7365747                    /lib64/libz.so.1.2.5
7f615ad9a000-7f615ad9b000 rw-p 00017000 08:04 7365747                    /lib64/libz.so.1.2.5
7f615ad9b000-7f615b4e4000 r-xp 00000000 08:04 13650966                   /usr/lib64/libnvidia-opencl.so.304.64
7f615b4e4000-7f615b6e4000 ---p 00749000 08:04 13650966                   /usr/lib64/libnvidia-opencl.so.304.64
7f615b6e4000-7f615b7d5000 rw-p 00749000 08:04 13650966                   /usr/lib64/libnvidia-opencl.so.304.64
7f615b7d5000-7f615b7fb000 rw-p 00000000 00:00 0 
7f615b7fb000-7f615b7ff000 r-xp 00000000 08:04 13585819                   /usr/lib64/libOpenCL.so.1.0.0
7f615b7ff000-7f615b9ff000 ---p 00004000 08:04 13585819                   /usr/lib64/libOpenCL.so.1.0.0
7f615b9ff000-7f615ba00000 rw-p 00004000 08:04 13585819                   /usr/lib64/libOpenCL.so.1.0.0
7f615ba00000-7f615bc00000 rw-s 9b442000 00:05 5100                       /dev/nvidia0
7f615bc00000-7f615be00000 rw-s 33240000 00:05 5100                       /dev/nvidia0
7f615be00000-7f615c000000 rw-s bfb8e000 00:05 5100                       /dev/nvidia0
7f615c000000-7f615c89f000 rw-p 00000000 00:00 0 
7f615c89f000-7f6160000000 ---p 00000000 00:00 0 
7f6160087000-7f6160187000 rw-p 00000000 00:00 0 
7f6160187000-7f6160188000 r--s dc009000 00:05 5100                       /dev/nvidia0
7f6160188000-7f6160288000 rw-s 23d99000 00:05 5100                       /dev/nvidia0
7f6160533000-7f61605b4000 rw-p 00000000 00:00 0 
7f61605b4000-7f6160611000 r--p 00000000 08:04 170213                     /var/cache/libx11/compose/l4_030_313cb605_00280cc0
7f616064e000-7f616201e000 r-xp 00000000 08:04 13650964                   /usr/lib64/libnvidia-glcore.so.304.64
7f616201e000-7f616221d000 ---p 019d0000 08:04 13650964                   /usr/lib64/libnvidia-glcore.so.304.64
7f616221d000-7f6162a1e000 rwxp 019cf000 08:04 13650964                   /usr/lib64/libnvidia-glcore.so.304.64
7f6162a1e000-7f6162a38000 rwxp 00000000 00:00 0 
7f6162a38000-7f6162a3b000 r-xp 00000000 08:04 1080419                    /usr/lib64/tls/libnvidia-tls.so.304.64
7f6162a3b000-7f6162c3a000 ---p 00003000 08:04 1080419                    /usr/lib64/tls/libnvidia-tls.so.304.64
7f6162c3a000-7f6162c3b000 rw-p 00002000 08:04 1080419                    /usr/lib64/tls/libnvidia-tls.so.304.64
7f6162c3b000-7f6162d05000 r-xp 00000000 08:04 12701569                   /usr/X11R6/lib64/libGL.so.304.64
7f6162d05000-7f6162f05000 ---p 000ca000 08:04 12701569                   /usr/X11R6/lib64/libGL.so.304.64
7f6162f05000-7f6162f42000 rwxp 000ca000 08:04 12701569                   /usr/X11R6/lib64/libGL.so.304.64
7f6162f42000-7f6162f80000 rwxp 00000000 00:00 0 
7f6162f80000-7f6162f85000 r-xp 00000000 08:04 13586439                   /usr/lib64/libXxf86vm.so.1.0.0
7f6162f85000-7f6163184000 ---p 00005000 08:04 13586439                   /usr/lib64/libXxf86vm.so.1.0.0
7f6163184000-7f6163185000 r--p 00004000 08:04 13586439                   /usr/lib64/libXxf86vm.so.1.0.0
7f6163185000-7f6163186000 rw-p 00005000 08:04 13586439                   /usr/lib64/libXxf86vm.so.1.0.0
7f6163186000-7f616318e000 r-xp 00000000 08:04 13586422                   /usr/lib64/libXrandr.so.2.2.0
7f616318e000-7f616338d000 ---p 00008000 08:04 13586422                   /usr/lib64/libXrandr.so.2.2.0
7f616338d000-7f616338e000 r--p 00007000 08:04 13586422                   /usr/lib64/libXrandr.so.2.2.0
7f616338e000-7f616338f000 rw-p 00008000 08:04 13586422                   /usr/lib64/libXrandr.so.2.2.0
7f616338f000-7f61633f9000 r-xp 00000000 00:1b 27952947                   /net/hel/export/9/student/t/tgraf/parallel/lwjgl-2.9.0/native/linux/liblwjgl64.so
7f61633f9000-7f61635f9000 ---p 0006a000 00:1b 27952947                   /net/hel/export/9/student/t/tgraf/parallel/lwjgl-2.9.0/native/linux/liblwjgl64.so
7f61635f9000-7f61635fb000 r--p 0006a000 00:1b 27952947                   /net/hel/export/9/student/t/tgraf/parallel/lwjgl-2.9.0/native/linux/liblwjgl64.so
7f61635fb000-7f61635fc000 rw-p 0006c000 00:1b 27952947                   /net/hel/export/9/student/t/tgraf/parallel/lwjgl-2.9.0/native/linux/liblwjgl64.so
7f61635fc000-7f61635fd000 r-xp 00000000 08:04 3765129                    /usr/java/jdk1.7.0_25/jre/lib/amd64/libjawt.so
7f61635fd000-7f61637fc000 ---p 00001000 08:04 3765129                    /usr/java/jdk1.7.0_25/jre/lib/amd64/libjawt.so
7f61637fc000-7f61637fd000 rw-p 00000000 08:04 3765129                    /usr/java/jdk1.7.0_25/jre/lib/amd64/libjawt.so
7f61637fd000-7f61638fe000 rwxp 00000000 00:00 0 
7f61638fe000-7f6163903000 r-xp 00000000 08:04 13587017                   /usr/lib64/libXfixes.so.3.1.0
7f6163903000-7f6163b02000 ---p 00005000 08:04 13587017                   /usr/lib64/libXfixes.so.3.1.0
7f6163b02000-7f6163b03000 r--p 00004000 08:04 13587017                   /usr/lib64/libXfixes.so.3.1.0
7f6163b03000-7f6163b04000 rw-p 00005000 08:04 13587017                   /usr/lib64/libXfixes.so.3.1.0
7f6163b04000-7f6163b0e000 r-xp 00000000 08:04 13586403                   /usr/lib64/libXcursor.so.1.0.2
7f6163b0e000-7f6163d0d000 ---p 0000a000 08:04 13586403                   /usr/lib64/libXcursor.so.1.0.2
7f6163d0d000-7f6163d0e000 r--p 00009000 08:04 13586403                   /usr/lib64/libXcursor.so.1.0.2
7f6163d0e000-7f6163d0f000 rw-p 0000a000 08:04 13586403                   /usr/lib64/libXcursor.so.1.0.2
7f6163d12000-7f6163d13000 rw-s f7ee9000 00:05 5100                       /dev/nvidia0
7f6163d13000-7f6163d30000 rw-s 115256000 00:05 5100                      /dev/nvidia0
7f6163d30000-7f6163e31000 rwxp 00000000 00:00 0 
7f6163e31000-7f6163e33000 r-xp 00000000 08:04 13585533                   /usr/lib64/libXau.so.6.0.0
7f6163e33000-7f6164033000 ---p 00002000 08:04 13585533                   /usr/lib64/libXau.so.6.0.0
7f6164033000-7f6164034000 r--p 00002000 08:04 13585533                   /usr/lib64/libXau.so.6.0.0
7f6164034000-7f6164035000 rw-p 00003000 08:04 13585533                   /usr/lib64/libXau.so.6.0.0
7f6164035000-7f6164051000 r-xp 00000000 08:04 13586706                   /usr/lib64/libxcb.so.1.1.0
7f6164051000-7f6164250000 ---p 0001c000 08:04 13586706                   /usr/lib64/libxcb.so.1.1.0
7f6164250000-7f6164251000 r--p 0001b000 08:04 13586706                   /usr/lib64/libxcb.so.1.1.0
7f6164251000-7f6164252000 rw-p 0001c000 08:04 13586706                   /usr/lib64/libxcb.so.1.1.0
7f6164252000-7f6164261000 r-xp 00000000 08:04 13587101                   /usr/lib64/libXi.so.6.1.0
7f6164261000-7f6164460000 ---p 0000f000 08:04 13587101                   /usr/lib64/libXi.so.6.1.0
7f6164460000-7f6164461000 r--p 0000e000 08:04 13587101                   /usr/lib64/libXi.so.6.1.0
7f6164461000-7f6164462000 rw-p 0000f000 08:04 13587101                   /usr/lib64/libXi.so.6.1.0
7f6164462000-7f6164467000 r-xp 00000000 08:04 13586428                   /usr/lib64/libXtst.so.6.1.0
7f6164467000-7f6164667000 ---p 00005000 08:04 13586428                   /usr/lib64/libXtst.so.6.1.0
7f6164667000-7f6164668000 r--p 00005000 08:04 13586428                   /usr/lib64/libXtst.so.6.1.0
7f6164668000-7f6164669000 rw-p 00006000 08:04 13586428                   /usr/lib64/libXtst.so.6.1.0
7f6164669000-7f6164673000 r-xp 00000000 08:04 13587015                   /usr/lib64/libXrender.so.1.3.0
7f6164673000-7f6164872000 ---p 0000a000 08:04 13587015                   /usr/lib64/libXrender.so.1.3.0
7f6164872000-7f6164873000 r--p 00009000 08:04 13587015                   /usr/lib64/libXrender.so.1.3.0
7f6164873000-7f6164874000 rw-p 0000a000 08:04 13587015                   /usr/lib64/libXrender.so.1.3.0
7f6164874000-7f61649b1000 r-xp 00000000 08:04 13586083                   /usr/lib64/libX11.so.6.3.0
7f61649b1000-7f6164bb1000 ---p 0013d000 08:04 13586083                   /usr/lib64/libX11.so.6.3.0
7f6164bb1000-7f6164bb2000 r--p 0013d000 08:04 13586083                   /usr/lib64/libX11.so.6.3.0
7f6164bb2000-7f6164bb7000 rw-p 0013e000 08:04 13586083                   /usr/lib64/libX11.so.6.3.0
7f6164bb7000-7f6164bc9000 r-xp 00000000 08:04 13587019                   /usr/lib64/libXext.so.6.4.0
7f6164bc9000-7f6164dc8000 ---p 00012000 08:04 13587019                   /usr/lib64/libXext.so.6.4.0
7f6164dc8000-7f6164dc9000 r--p 00011000 08:04 13587019                   /usr/lib64/libXext.so.6.4.0
7f6164dc9000-7f6164dca000 rw-p 00012000 08:04 13587019                   /usr/lib64/libXext.so.6.4.0
7f6164dca000-7f6164dcb000 rw-s 2b4aa000 00:05 5100                       /dev/nvidia0
7f6164dcb000-7f6164dcc000 rw-p 00000000 00:00 0 
7f6164dcc000-7f6164deb000 r--p 00000000 08:04 5729555                    /usr/share/locale/de/LC_MESSAGES/libc.mo
7f6164deb000-7f6164e3b000 r-xp 00000000 08:04 3765161                    /usr/java/jdk1.7.0_25/jre/lib/amd64/xawt/libmawt.so
7f6164e3b000-7f616503b000 ---p 00050000 08:04 3765161                    /usr/java/jdk1.7.0_25/jre/lib/amd64/xawt/libmawt.so
7f616503b000-7f616503f000 rw-p 00050000 08:04 3765161                    /usr/java/jdk1.7.0_25/jre/lib/amd64/xawt/libmawt.so
7f616503f000-7f6165040000 rw-p 00000000 00:00 0 
7f6165040000-7f61650e3000 r-xp 00000000 08:04 3765110                    /usr/java/jdk1.7.0_25/jre/lib/amd64/libawt.so
7f61650e3000-7f61652e3000 ---p 000a3000 08:04 3765110                    /usr/java/jdk1.7.0_25/jre/lib/amd64/libawt.so
7f61652e3000-7f61652ef000 rw-p 000a3000 08:04 3765110                    /usr/java/jdk1.7.0_25/jre/lib/amd64/libawt.so
7f61652ef000-7f6165313000 rw-p 00000000 00:00 0 
7f6165313000-7f6165314000 ---p 00000000 00:00 0 
7f6165314000-7f6165515000 rwxp 00000000 00:00 0 
7f6165515000-7f6165516000 ---p 00000000 00:00 0 
7f6165516000-7f6165616000 rwxp 00000000 00:00 0 
7f6165616000-7f6165617000 ---p 00000000 00:00 0 
7f6165617000-7f6165818000 rwxp 00000000 00:00 0 
7f6165818000-7f6165857000 r--p 00000000 08:04 38458                      /usr/lib/locale/de_DE.utf8/LC_CTYPE
7f6165857000-7f6165858000 r--p 00000000 08:04 38550                      /usr/lib/locale/de_DE.utf8/LC_NUMERIC
7f6165858000-7f6165859000 r--p 00000000 08:04 36347                      /usr/lib/locale/de_DE.utf8/LC_TIME
7f6165859000-7f6165976000 r--p 00000000 08:04 36345                      /usr/lib/locale/de_DE.utf8/LC_COLLATE
7f6165976000-7f6165b78000 rwxp 00000000 00:00 0 
7f6165b78000-7f6165b79000 ---p 00000000 00:00 0 
7f6165b79000-7f6165c79000 rwxp 00000000 00:00 0 
7f6165c79000-7f6166655000 rw-p 00000000 00:00 0 
7f6166655000-7f6166812000 r--s 039f9000 08:04 3767005                    /usr/java/jdk1.7.0_25/jre/lib/rt.jar
7f6166812000-7f61690ee000 rw-p 00000000 00:00 0 
7f61690ee000-7f61690ef000 ---p 00000000 00:00 0 
7f61690ef000-7f61691ef000 rwxp 00000000 00:00 0 
7f61691ef000-7f61691f0000 ---p 00000000 00:00 0 
7f61691f0000-7f61692f0000 rwxp 00000000 00:00 0 
7f61692f0000-7f61692fb000 rw-p 00000000 00:00 0 
7f61692fb000-7f6169319000 rw-p 00000000 00:00 0 
7f6169319000-7f616932d000 rw-p 00000000 00:00 0 
7f616932d000-7f6169459000 rw-p 00000000 00:00 0 
7f6169459000-7f6169464000 rw-p 00000000 00:00 0 
7f6169464000-7f6169482000 rw-p 00000000 00:00 0 
7f6169482000-7f6169496000 rw-p 00000000 00:00 0 
7f6169496000-7f61695c2000 rw-p 00000000 00:00 0 
7f61695c2000-7f61695cc000 rw-p 00000000 00:00 0 
7f61695cc000-7f6169662000 rw-p 00000000 00:00 0 
7f6169662000-7f6169663000 rw-p 00000000 00:00 0 
7f6169663000-7f61698d3000 rwxp 00000000 00:00 0 
7f61698d3000-7f616c663000 rw-p 00000000 00:00 0 
7f616c663000-7f616c67e000 r-xp 00000000 08:04 3765155                    /usr/java/jdk1.7.0_25/jre/lib/amd64/libzip.so
7f616c67e000-7f616c87d000 ---p 0001b000 08:04 3765155                    /usr/java/jdk1.7.0_25/jre/lib/amd64/libzip.so
7f616c87d000-7f616c87e000 rw-p 0001a000 08:04 3765155                    /usr/java/jdk1.7.0_25/jre/lib/amd64/libzip.so
7f616c87e000-7f616c8a7000 r-xp 00000000 08:04 3765124                    /usr/java/jdk1.7.0_25/jre/lib/amd64/libjava.so
7f616c8a7000-7f616caa7000 ---p 00029000 08:04 3765124                    /usr/java/jdk1.7.0_25/jre/lib/amd64/libjava.so
7f616caa7000-7f616caa9000 rw-p 00029000 08:04 3765124                    /usr/java/jdk1.7.0_25/jre/lib/amd64/libjava.so
7f616caa9000-7f616cab6000 r-xp 00000000 08:04 3765154                    /usr/java/jdk1.7.0_25/jre/lib/amd64/libverify.so
7f616cab6000-7f616ccb5000 ---p 0000d000 08:04 3765154                    /usr/java/jdk1.7.0_25/jre/lib/amd64/libverify.so
7f616ccb5000-7f616ccb7000 rw-p 0000c000 08:04 3765154                    /usr/java/jdk1.7.0_25/jre/lib/amd64/libverify.so
7f616ccb7000-7f616ccbf000 r-xp 00000000 08:04 7365671                    /lib64/librt-2.11.3.so
7f616ccbf000-7f616cebe000 ---p 00008000 08:04 7365671                    /lib64/librt-2.11.3.so
7f616cebe000-7f616cebf000 r--p 00007000 08:04 7365671                    /lib64/librt-2.11.3.so
7f616cebf000-7f616cec0000 rw-p 00008000 08:04 7365671                    /lib64/librt-2.11.3.so
7f616cec0000-7f616cf16000 r-xp 00000000 08:04 7365625                    /lib64/libm-2.11.3.so
7f616cf16000-7f616d115000 ---p 00056000 08:04 7365625                    /lib64/libm-2.11.3.so
7f616d115000-7f616d116000 r--p 00055000 08:04 7365625                    /lib64/libm-2.11.3.so
7f616d116000-7f616d117000 rw-p 00056000 08:04 7365625                    /lib64/libm-2.11.3.so
7f616d117000-7f616db58000 r-xp 00000000 08:04 3765159                    /usr/java/jdk1.7.0_25/jre/lib/amd64/server/libjvm.so
7f616db58000-7f616dd58000 ---p 00a41000 08:04 3765159                    /usr/java/jdk1.7.0_25/jre/lib/amd64/server/libjvm.so
7f616dd58000-7f616ddfb000 rw-p 00a41000 08:04 3765159                    /usr/java/jdk1.7.0_25/jre/lib/amd64/server/libjvm.so
7f616ddfb000-7f616de37000 rw-p 00000000 00:00 0 
7f616de37000-7f616df9b000 r-xp 00000000 08:04 7365605                    /lib64/libc-2.11.3.so
7f616df9b000-7f616e19a000 ---p 00164000 08:04 7365605                    /lib64/libc-2.11.3.so
7f616e19a000-7f616e19e000 r--p 00163000 08:04 7365605                    /lib64/libc-2.11.3.so
7f616e19e000-7f616e19f000 rw-p 00167000 08:04 7365605                    /lib64/libc-2.11.3.so
7f616e19f000-7f616e1a4000 rw-p 00000000 00:00 0 
7f616e1a4000-7f616e1a6000 r-xp 00000000 08:04 7365619                    /lib64/libdl-2.11.3.so
7f616e1a6000-7f616e3a6000 ---p 00002000 08:04 7365619                    /lib64/libdl-2.11.3.so
7f616e3a6000-7f616e3a7000 r--p 00002000 08:04 7365619                    /lib64/libdl-2.11.3.so
7f616e3a7000-7f616e3a8000 rw-p 00003000 08:04 7365619                    /lib64/libdl-2.11.3.so
7f616e3a8000-7f616e3be000 r-xp 00000000 08:04 3765106                    /usr/java/jdk1.7.0_25/jre/lib/amd64/jli/libjli.so
7f616e3be000-7f616e5be000 ---p 00016000 08:04 3765106                    /usr/java/jdk1.7.0_25/jre/lib/amd64/jli/libjli.so
7f616e5be000-7f616e5bf000 rw-p 00016000 08:04 3765106                    /usr/java/jdk1.7.0_25/jre/lib/amd64/jli/libjli.so
7f616e5bf000-7f616e5d6000 r-xp 00000000 08:04 7365631                    /lib64/libpthread-2.11.3.so
7f616e5d6000-7f616e7d6000 ---p 00017000 08:04 7365631                    /lib64/libpthread-2.11.3.so
7f616e7d6000-7f616e7d7000 r--p 00017000 08:04 7365631                    /lib64/libpthread-2.11.3.so
7f616e7d7000-7f616e7d8000 rw-p 00018000 08:04 7365631                    /lib64/libpthread-2.11.3.so
7f616e7d8000-7f616e7dc000 rw-p 00000000 00:00 0 
7f616e7dc000-7f616e7fa000 r-xp 00000000 08:04 7365607                    /lib64/ld-2.11.3.so
7f616e7fa000-7f616e7fb000 rw-p 00000000 00:00 0 
7f616e805000-7f616e812000 r--s 000e6000 00:1b 27952939                   /net/hel/export/9/student/t/tgraf/parallel/lwjgl-2.9.0/jar/lwjgl.jar
7f616e812000-7f616e81c000 rw-p 00000000 00:00 0 
7f616e81c000-7f616e8d2000 rw-p 00000000 00:00 0 
7f616e8d2000-7f616e8d5000 ---p 00000000 00:00 0 
7f616e8d5000-7f616e9d3000 rwxp 00000000 00:00 0 
7f616e9d3000-7f616e9d7000 rw-p 00000000 00:00 0 
7f616e9d9000-7f616e9da000 rw-p 00000000 00:00 0 
7f616e9da000-7f616e9db000 rw-s dc060000 00:05 5100                       /dev/nvidia0
7f616e9db000-7f616e9df000 r--s 00027000 00:1b 27952941                   /net/hel/export/9/student/t/tgraf/parallel/lwjgl-2.9.0/jar/lwjgl_util.jar
7f616e9df000-7f616e9e0000 r--p 00000000 08:04 38591                      /usr/lib/locale/de_DE.utf8/LC_MONETARY
7f616e9e0000-7f616e9e1000 r--p 00000000 08:04 38457                      /usr/lib/locale/de_DE.utf8/LC_MESSAGES/SYS_LC_MESSAGES
7f616e9e1000-7f616e9e2000 r--p 00000000 08:04 38626                      /usr/lib/locale/de_DE.utf8/LC_PAPER
7f616e9e2000-7f616e9e3000 r--p 00000000 08:04 38433                      /usr/lib/locale/de_DE.utf8/LC_NAME
7f616e9e3000-7f616e9e4000 r--p 00000000 08:04 36344                      /usr/lib/locale/de_DE.utf8/LC_ADDRESS
7f616e9e4000-7f616e9e5000 r--p 00000000 08:04 38432                      /usr/lib/locale/de_DE.utf8/LC_TELEPHONE
7f616e9e5000-7f616e9e6000 r--p 00000000 08:04 38630                      /usr/lib/locale/de_DE.utf8/LC_MEASUREMENT
7f616e9e6000-7f616e9ed000 r--s 00000000 08:04 10312089                   /usr/lib64/gconv/gconv-modules.cache
7f616e9ed000-7f616e9ee000 r--p 00000000 08:04 36346                      /usr/lib/locale/de_DE.utf8/LC_IDENTIFICATION
7f616e9ee000-7f616e9f6000 rw-s 00000000 08:04 2521042                    /tmp/hsperfdata_tgraf/11831 (deleted)
7f616e9f6000-7f616e9f7000 rw-p 00000000 00:00 0 
7f616e9f7000-7f616e9f8000 ---p 00000000 00:00 0 
7f616e9f8000-7f616e9f9000 rw-p 00000000 00:00 0 
7f616e9f9000-7f616e9fa000 r--p 0001d000 08:04 7365607                    /lib64/ld-2.11.3.so
7f616e9fa000-7f616e9fb000 rw-p 0001e000 08:04 7365607                    /lib64/ld-2.11.3.so
7f616e9fb000-7f616e9fc000 rw-p 00000000 00:00 0 
7ffff62f7000-7ffff6317000 rwxp 00000000 00:00 0                          [stack]
7ffff6317000-7ffff6318000 rw-p 00000000 00:00 0 
7ffff63ff000-7ffff6400000 r-xp 00000000 00:00 0                          [vdso]
ffffffffff600000-ffffffffff601000 r-xp 00000000 00:00 0                  [vsyscall]

VM Arguments:
jvm_args: -Djava.library.path=/home/student/t/tgraf/parallel/lwjgl-2.9.0/native/linux:/home/student/t/tgraf/parallel/lwjgl-2.9.0/native/linux -Dfile.encoding=UTF-8 
java_command: main.Main
Launcher Type: SUN_STANDARD

Environment Variables:
CLASSPATH=.:..:/home/ainf/Aktuell/Packages/AlgoTools.jar:/home/ainf/Vorlesung
PATH=/usr/local/rvm/gems/ruby-1.9.3-p125/bin:/usr/local/rvm/gems/ruby-1.9.3-p125@global/bin:/usr/local/rvm/rubies/ruby-1.9.3-p125/bin:/usr/local/rvm/bin:/usr/local/bin:/usr/bin:/bin:/usr/bin/X11:/usr/X11R6/bin:/usr/games
SHELL=/bin/sh
DISPLAY=:0
HOSTTYPE=x86_64
OSTYPE=linux
MACHTYPE=x86_64-suse-linux

Signal Handlers:
SIGSEGV: [libjvm.so+0x8a26a0], sa_mask[0]=0x7ffbfeff, sa_flags=0x10000004
SIGBUS: [libjvm.so+0x8a26a0], sa_mask[0]=0x7ffbfeff, sa_flags=0x10000004
SIGFPE: [libjvm.so+0x73f3d0], sa_mask[0]=0x7ffbfeff, sa_flags=0x10000004
SIGPIPE: [libjvm.so+0x73f3d0], sa_mask[0]=0x7ffbfeff, sa_flags=0x10000004
SIGXFSZ: [libjvm.so+0x73f3d0], sa_mask[0]=0x7ffbfeff, sa_flags=0x10000004
SIGILL: [libjvm.so+0x73f3d0], sa_mask[0]=0x7ffbfeff, sa_flags=0x10000004
SIGUSR1: SIG_DFL, sa_mask[0]=0x00000000, sa_flags=0x00000000
SIGUSR2: [libjvm.so+0x73ed20], sa_mask[0]=0x00000004, sa_flags=0x10000004
SIGHUP: [libjvm.so+0x7410b0], sa_mask[0]=0x7ffbfeff, sa_flags=0x10000004
SIGINT: [libjvm.so+0x7410b0], sa_mask[0]=0x7ffbfeff, sa_flags=0x10000004
SIGTERM: [libjvm.so+0x7410b0], sa_mask[0]=0x7ffbfeff, sa_flags=0x10000004
SIGQUIT: [libjvm.so+0x7410b0], sa_mask[0]=0x7ffbfeff, sa_flags=0x10000004


---------------  S Y S T E M  ---------------

OS:openSUSE 11.4 (x86_64)
VERSION = 11.4
CODENAME = Celadon

uname:Linux 2.6.37.6-24-desktop #1 SMP PREEMPT 2012-10-18 22:36:08 +0200 x86_64
libc:glibc 2.11.3 NPTL 2.11.3 
rlimit: STACK 8192k, CORE 0k, NPROC 30557, NOFILE 8192, AS infinity
load average:0,26 0,21 0,22

/proc/meminfo:
MemTotal:        3924232 kB
MemFree:         1133484 kB
Buffers:          177380 kB
Cached:          1379276 kB
SwapCached:            4 kB
Active:          1689120 kB
Inactive:         846412 kB
Active(anon):     957556 kB
Inactive(anon):    23180 kB
Active(file):     731564 kB
Inactive(file):   823232 kB
Unevictable:           0 kB
Mlocked:               0 kB
SwapTotal:       2099196 kB
SwapFree:        2099192 kB
Dirty:                92 kB
Writeback:             0 kB
AnonPages:        978928 kB
Mapped:           209728 kB
Shmem:              1864 kB
Slab:             115344 kB
SReclaimable:      86792 kB
SUnreclaim:        28552 kB
KernelStack:        2736 kB
PageTables:        21704 kB
NFS_Unstable:         68 kB
Bounce:                0 kB
WritebackTmp:          0 kB
CommitLimit:     4061312 kB
Committed_AS:    3227300 kB
VmallocTotal:   34359738367 kB
VmallocUsed:      328556 kB
VmallocChunk:   34359403004 kB
HardwareCorrupted:     0 kB
HugePages_Total:       0
HugePages_Free:        0
HugePages_Rsvd:        0
HugePages_Surp:        0
Hugepagesize:       2048 kB
DirectMap4k:      194556 kB
DirectMap2M:     3866624 kB


CPU:total 2 (2 cores per cpu, 1 threads per core) family 6 model 23 stepping 10, cmov, cx8, fxsr, mmx, sse, sse2, sse3, ssse3, sse4.1, tsc

/proc/cpuinfo:
processor	: 0
vendor_id	: GenuineIntel
cpu family	: 6
model		: 23
model name	: Intel(R) Core(TM)2 Duo CPU     E8400  @ 3.00GHz
stepping	: 10
cpu MHz		: 3000.000
cache size	: 6144 KB
physical id	: 0
siblings	: 2
core id		: 0
cpu cores	: 2
apicid		: 0
initial apicid	: 0
fpu		: yes
fpu_exception	: yes
cpuid level	: 13
wp		: yes
flags		: fpu vme de pse tsc msr pae mce cx8 apic sep mtrr pge mca cmov pat pse36 clflush dts acpi mmx fxsr sse sse2 ss ht tm pbe syscall nx lm constant_tsc arch_perfmon pebs bts rep_good nopl aperfmperf pni dtes64 monitor ds_cpl vmx smx est tm2 ssse3 cx16 xtpr pdcm sse4_1 xsave lahf_lm dts tpr_shadow vnmi flexpriority
bogomips	: 5985.78
clflush size	: 64
cache_alignment	: 64
address sizes	: 36 bits physical, 48 bits virtual
power management:

processor	: 1
vendor_id	: GenuineIntel
cpu family	: 6
model		: 23
model name	: Intel(R) Core(TM)2 Duo CPU     E8400  @ 3.00GHz
stepping	: 10
cpu MHz		: 3000.000
cache size	: 6144 KB
physical id	: 0
siblings	: 2
core id		: 1
cpu cores	: 2
apicid		: 1
initial apicid	: 1
fpu		: yes
fpu_exception	: yes
cpuid level	: 13
wp		: yes
flags		: fpu vme de pse tsc msr pae mce cx8 apic sep mtrr pge mca cmov pat pse36 clflush dts acpi mmx fxsr sse sse2 ss ht tm pbe syscall nx lm constant_tsc arch_perfmon pebs bts rep_good nopl aperfmperf pni dtes64 monitor ds_cpl vmx smx est tm2 ssse3 cx16 xtpr pdcm sse4_1 xsave lahf_lm dts tpr_shadow vnmi flexpriority
bogomips	: 5984.65
clflush size	: 64
cache_alignment	: 64
address sizes	: 36 bits physical, 48 bits virtual
power management:



Memory: 4k page, physical 3924232k(1133484k free), swap 2099196k(2099192k free)

vm_info: Java HotSpot(TM) 64-Bit Server VM (23.25-b01) for linux-amd64 JRE (1.7.0_25-b15), built on Jun  5 2013 20:48:36 by "java_re" with gcc 4.3.0 20080428 (Red Hat 4.3.0-8)

time: Tue Aug 20 14:08:56 2013
elapsed time: 13 seconds

