#
# A fatal error has been detected by the Java Runtime Environment:
#
#  SIGSEGV (0xb) at pc=0x00007f042c7c8410, pid=18960, tid=139656165582592
#
# JRE version: 7.0_25-b15
# Java VM: Java HotSpot(TM) 64-Bit Server VM (23.25-b01 mixed mode linux-amd64 compressed oops)
# Problematic frame:
# C  0x00007f042c7c8410
#
# Failed to write core dump. Core dumps have been disabled. To enable core dumping, try "ulimit -c unlimited" before starting Java again
#
# If you would like to submit a bug report, please visit:
#   http://bugreport.sun.com/bugreport/crash.jsp
#

---------------  T H R E A D  ---------------

Current thread is native thread

siginfo:si_signo=SIGSEGV: si_errno=0, si_code=2 (SEGV_ACCERR), si_addr=0x00007f042c7c8410

Registers:
RAX=0x0000000000000000, RBX=0x0000000000000001, RCX=0x000000000000000b, RDX=0x00007f042c7fb6e0
RSP=0x00007fff227f9d18, RBP=0x0000000000000001, RSI=0x0000000000000010, RDI=0x0000000000000000
R8 =0x00007f042c7fb6e0, R9 =0x0000000000000000, R10=0x0000000000000008, R11=0x0000000000000246
R12=0x00007f04210d37b0, R13=0x00007f04210d3720, R14=0x00007f0430187010, R15=0x00007f042d3b7100
RIP=0x00007f042c7c8410, EFLAGS=0x0000000000010246, CSGSFS=0x0000000000000033, ERR=0x0000000000000015
  TRAPNO=0x000000000000000e

Top of Stack: (sp=0x00007fff227f9d18)
0x00007fff227f9d18:   00007f042047422c 0000000000000000
0x00007fff227f9d28:   00007f043c054954 0000000000000000
0x00007fff227f9d38:   0000000b3ba0e881 0000000000000000
0x00007fff227f9d48:   00007f043c04d902 fffffffe7fffffff
0x00007fff227f9d58:   ffffffffffffffff ffffffffffffffff
0x00007fff227f9d68:   ffffffffffffffff ffffffffffffffff
0x00007fff227f9d78:   ffffffffffffffff ffffffffffffffff
0x00007fff227f9d88:   ffffffffffffffff ffffffffffffffff
0x00007fff227f9d98:   ffffffffffffffff ffffffffffffffff
0x00007fff227f9da8:   ffffffffffffffff ffffffffffffffff
0x00007fff227f9db8:   ffffffffffffffff ffffffffffffffff
0x00007fff227f9dc8:   ffffffffffffffff 000000000016334c
0x00007fff227f9dd8:   0000000000000000 000000000001f400
0x00007fff227f9de8:   000000000001f400 0000000009770000
0x00007fff227f9df8:   00007f043be382d0 0000000000000001
0x00007fff227f9e08:   0000000000000000 0000000000000000
0x00007fff227f9e18:   0000000000000002 0000000000000000
0x00007fff227f9e28:   0000000000000000 0000000000000000
0x00007fff227f9e38:   0000000000000000 00007f043b721097
0x00007fff227f9e48:   000000000001f400 0000000009770000
0x00007fff227f9e58:   00007f0430187010 00007f042d3b7100
0x00007fff227f9e68:   00007f0430187010 0000000009770000
0x00007fff227f9e78:   000000000001f400 0000000000000000
0x00007fff227f9e88:   000000000001f400 0000000000004a10
0x00007fff227f9e98:   00007f042d3b7100 00007fff227fa2a0
0x00007fff227f9ea8:   00007f04305422c3 0000000000010202
0x00007fff227f9eb8:   0000000000000033 0000000000000004
0x00007fff227f9ec8:   000000000000000e 0000000000000004
0x00007fff227f9ed8:   0000000000000024 00007fff227f9fc0
0x00007fff227f9ee8:   00007fff227fa4bf 00007fff227fa160
0x00007fff227f9ef8:   00007f043c2409a0 000000000000002f
0x00007fff227f9f08:   00007f043c0505fb 00007f043c262860 

Instructions: (pc=0x00007f042c7c8410)
0x00007f042c7c83f0:   c0 b7 17 2c 04 7f 00 00 c0 c3 7c 2c 04 7f 00 00
0x00007f042c7c8400:   ff ff ff ff 00 00 00 00 00 00 00 00 00 00 00 00
0x00007f042c7c8410:   00 00 00 00 00 00 00 00 21 00 00 00 00 00 00 00
0x00007f042c7c8420:   20 b6 7f 2c 04 7f 00 00 50 b5 73 2c 04 7f 00 00 

Register to memory mapping:

RAX=0x0000000000000000 is an unknown value
RBX=0x0000000000000001 is an unknown value
RCX=0x000000000000000b is an unknown value
RDX=0x00007f042c7fb6e0 is an unknown value
RSP=0x00007fff227f9d18 is an unknown value
RBP=0x0000000000000001 is an unknown value
RSI=0x0000000000000010 is an unknown value
RDI=0x0000000000000000 is an unknown value
R8 =0x00007f042c7fb6e0 is an unknown value
R9 =0x0000000000000000 is an unknown value
R10=0x0000000000000008 is an unknown value
R11=0x0000000000000246 is an unknown value
R12=0x00007f04210d37b0: <offset 0x1c7f7b0> in /usr/lib64/libnvidia-compiler.so.304.64 at 0x00007f041f454000
R13=0x00007f04210d3720: <offset 0x1c7f720> in /usr/lib64/libnvidia-compiler.so.304.64 at 0x00007f041f454000
R14=0x00007f0430187010 is an unknown value
R15=0x00007f042d3b7100 is an unknown value


Stack: [0x00007fff226fc000,0x00007fff227fc000],  sp=0x00007fff227f9d18,  free space=1015k
Native frames: (J=compiled Java code, j=interpreted, Vv=VM code, C=native code)
C  0x00007f042c7c8410


---------------  P R O C E S S  ---------------

VM state:at safepoint (shutting down)

VM Mutex/Monitor currently owned by a thread:  ([mutex/lock_event])
[0x00000000006073e0] Threads_lock - owner thread: 0x000000000068e000

Heap
 PSYoungGen      total 17920K, used 12453K [0x00000000ec000000, 0x00000000ed3f0000, 0x0000000100000000)
  eden space 15424K, 80% used [0x00000000ec000000,0x00000000ecc29788,0x00000000ecf10000)
  from space 2496K, 0% used [0x00000000ed180000,0x00000000ed180000,0x00000000ed3f0000)
  to   space 2496K, 0% used [0x00000000ecf10000,0x00000000ecf10000,0x00000000ed180000)
 ParOldGen       total 40960K, used 0K [0x00000000c4000000, 0x00000000c6800000, 0x00000000ec000000)
  object space 40960K, 0% used [0x00000000c4000000,0x00000000c4000000,0x00000000c6800000)
 PSPermGen       total 21248K, used 7274K [0x00000000bee00000, 0x00000000c02c0000, 0x00000000c4000000)
  object space 21248K, 34% used [0x00000000bee00000,0x00000000bf51a950,0x00000000c02c0000)

Card table byte_map: [0x00007f0436cc3000,0x00007f0436ecd000] byte_map_base: 0x00007f04366cc000

Polling page: 0x00007f043c261000

Code Cache  [0x00007f0436ecd000, 0x00007f043713d000, 0x00007f0439ecd000)
 total_blobs=522 nmethods=36 adapters=439 free_code_cache=48547Kb largest_free_block=49699968

Compilation events (10 events):
Event: 2,466 Thread 0x00000000006f4800   32             java.util.Random::next (47 bytes)
Event: 2,467 Thread 0x00000000006f4800 nmethod 32 0x00007f0436f60190 code [0x00007f0436f602c0, 0x00007f0436f60398]
Event: 2,467 Thread 0x00000000006f4800   33             pa.util.math.MathUtil::nextFloat (9 bytes)
Event: 2,468 Thread 0x00000000006f4800 nmethod 33 0x00007f0436f5fe10 code [0x00007f0436f5ff80, 0x00007f0436f60078]
Event: 2,468 Thread 0x00000000006f4800   34             pa.util.math.MathUtil::_rand (23 bytes)
Event: 2,469 Thread 0x00000000006f4800 nmethod 34 0x00007f0436f62cd0 code [0x00007f0436f62e00, 0x00007f0436f62e78]
Event: 2,469 Thread 0x00000000006f4800   35             java.util.Random::nextFloat (11 bytes)
Event: 2,469 Thread 0x00000000006f4800 nmethod 35 0x00007f0436f62490 code [0x00007f0436f62600, 0x00007f0436f626d8]
Event: 2,469 Thread 0x00000000006f4800    1 % !         sph.SPH::init @ 218 (732 bytes)
Event: 2,485 Thread 0x00000000006f4800 nmethod 1% 0x00007f0436f65b90 code [0x00007f0436f65e40, 0x00007f0436f66a00]

GC Heap History (0 events):
No events

Deoptimization events (0 events):
No events

Internal exceptions (10 events):
Event: 1,028 Thread 0x0000000000608800 Threw 0x00000000ec78c7d8 at /HUDSON/workspace/jdk7u25-2-build-linux-amd64-product/jdk7u25/hotspot/src/share/vm/prims/jvm.cpp:1235
Event: 1,030 Thread 0x0000000000608800 Threw 0x00000000ec78e4f8 at /HUDSON/workspace/jdk7u25-2-build-linux-amd64-product/jdk7u25/hotspot/src/share/vm/prims/jvm.cpp:1235
Event: 1,036 Thread 0x0000000000608800 Threw 0x00000000ec79a460 at /HUDSON/workspace/jdk7u25-2-build-linux-amd64-product/jdk7u25/hotspot/src/share/vm/prims/jvm.cpp:1235
Event: 1,059 Thread 0x0000000000608800 Threw 0x00000000ec8d96f0 at /HUDSON/workspace/jdk7u25-2-build-linux-amd64-product/jdk7u25/hotspot/src/share/vm/prims/jvm.cpp:1235
Event: 1,064 Thread 0x0000000000608800 Threw 0x00000000eca4e758 at /HUDSON/workspace/jdk7u25-2-build-linux-amd64-product/jdk7u25/hotspot/src/share/vm/prims/jvm.cpp:1235
Event: 2,457 Thread 0x0000000000608800 Threw 0x00000000eca52870 at /HUDSON/workspace/jdk7u25-2-build-linux-amd64-product/jdk7u25/hotspot/src/share/vm/prims/jvm.cpp:1235
Event: 2,457 Thread 0x0000000000608800 Threw 0x00000000eca57cf8 at /HUDSON/workspace/jdk7u25-2-build-linux-amd64-product/jdk7u25/hotspot/src/share/vm/prims/jvm.cpp:1235
Event: 2,471 Thread 0x0000000000608800 Threw 0x00000000eca7b9f0 at /HUDSON/workspace/jdk7u25-2-build-linux-amd64-product/jdk7u25/hotspot/src/share/vm/prims/jvm.cpp:1235
Event: 2,472 Thread 0x0000000000608800 Threw 0x00000000ecafa1f0 at /HUDSON/workspace/jdk7u25-2-build-linux-amd64-product/jdk7u25/hotspot/src/share/vm/prims/jvm.cpp:1235
Event: 2,682 Thread 0x00007f042d40b000 Threw 0x00000000ecb8f750 at /HUDSON/workspace/jdk7u25-2-build-linux-amd64-product/jdk7u25/hotspot/src/share/vm/prims/jvm.cpp:1235

Events (10 events):
Event: 2,683 Thread 0x00007f042d38f800 Thread added: 0x00007f042d38f800
Event: 2,683 loading class 0x000000000077dff0
Event: 2,683 loading class 0x00000000009e7fb0
Event: 2,683 loading class 0x00000000009e7fb0 done
Event: 2,683 loading class 0x00000000009e80d0
Event: 2,683 loading class 0x00000000009e80d0 done
Event: 2,683 loading class 0x000000000077dff0 done
Event: 2,742 Thread 0x00007f042d40b000 Thread exited: 0x00007f042d40b000
Event: 2,743 Thread 0x00007f042d38f800 Thread exited: 0x00007f042d38f800
Event: 2,743 Thread 0x00007f042d469800 Thread exited: 0x00007f042d469800


Dynamic libraries:
00400000-00401000 r-xp 00000000 08:04 3896025                            /usr/java/jdk1.7.0_25/bin/java
00600000-00601000 rw-p 00000000 08:04 3896025                            /usr/java/jdk1.7.0_25/bin/java
00601000-00b17000 rw-p 00000000 00:00 0                                  [heap]
4043b000-404b9000 rw-p 00000000 00:00 0 
bee00000-c02c0000 rw-p 00000000 00:00 0 
c02c0000-c4000000 rw-p 00000000 00:00 0 
c4000000-c6800000 rw-p 00000000 00:00 0 
c6800000-ec000000 rw-p 00000000 00:00 0 
ec000000-ed3f0000 rw-p 00000000 00:00 0 
ed3f0000-100000000 rw-p 00000000 00:00 0 
200000000-600000000 ---p 00000000 00:00 0 
7f041f252000-7f041f255000 ---p 00000000 00:00 0 
7f041f255000-7f041f353000 rwxp 00000000 00:00 0 
7f041f353000-7f041f356000 ---p 00000000 00:00 0 
7f041f356000-7f041f454000 rwxp 00000000 00:00 0 
7f041f454000-7f042076b000 r-xp 00000000 08:04 13586109                   /usr/lib64/libnvidia-compiler.so.304.64
7f042076b000-7f042096b000 ---p 01317000 08:04 13586109                   /usr/lib64/libnvidia-compiler.so.304.64
7f042096b000-7f04210c6000 rw-p 01317000 08:04 13586109                   /usr/lib64/libnvidia-compiler.so.304.64
7f04210c6000-7f04210e7000 rw-p 00000000 00:00 0 
7f0421208000-7f0421408000 rw-s b76cb000 00:05 6554                       /dev/nvidia0
7f0421408000-7f0421e8b000 rw-p 00000000 00:00 0 
7f0421e8b000-7f0421e8c000 ---p 00000000 00:00 0 
7f0421e8c000-7f042268c000 rwxp 00000000 00:00 0 
7f042268c000-7f042268d000 ---p 00000000 00:00 0 
7f042268d000-7f0422e8d000 rwxp 00000000 00:00 0 
7f0422e8d000-7f0422e8e000 ---p 00000000 00:00 0 
7f0422e8e000-7f042368e000 rwxp 00000000 00:00 0 
7f042368e000-7f042368f000 ---p 00000000 00:00 0 
7f042368f000-7f0423e8f000 rwxp 00000000 00:00 0 
7f0423e8f000-7f0423e90000 ---p 00000000 00:00 0 
7f0423e90000-7f0424690000 rwxp 00000000 00:00 0 
7f0424690000-7f0424790000 rw-p 00000000 00:00 0 
7f0424790000-7f0424890000 rw-s 70d6e000 00:05 6554                       /dev/nvidia0
7f0424890000-7f0424990000 rw-p 00000000 00:00 0 
7f0424990000-7f0424a90000 rw-s c10f1000 00:05 6554                       /dev/nvidia0
7f0424a90000-7f0424b90000 rw-p 00000000 00:00 0 
7f0424b90000-7f0424b91000 rw-s f7eea000 00:05 6554                       /dev/nvidia0
7f0424b91000-7f0424b92000 rw-s c10e5000 00:05 6554                       /dev/nvidia0
7f0424b92000-7f0424f94000 rw-s 727d1000 00:05 6554                       /dev/nvidia0
7f0424f94000-7f0425396000 rw-s 70cf3000 00:05 6554                       /dev/nvidia0
7f0425396000-7f0425397000 ---p 00000000 00:00 0 
7f0425397000-7f0425b97000 rwxp 00000000 00:00 0 
7f0425b97000-7f0425c97000 rw-p 00000000 00:00 0 
7f0425c97000-7f0425cad000 r-xp 00000000 08:04 7365772                    /lib64/libz.so.1.2.5
7f0425cad000-7f0425ead000 ---p 00016000 08:04 7365772                    /lib64/libz.so.1.2.5
7f0425ead000-7f0425eae000 r--p 00016000 08:04 7365772                    /lib64/libz.so.1.2.5
7f0425eae000-7f0425eaf000 rw-p 00017000 08:04 7365772                    /lib64/libz.so.1.2.5
7f0425eaf000-7f04265f8000 r-xp 00000000 08:04 13587504                   /usr/lib64/libnvidia-opencl.so.304.64
7f04265f8000-7f04267f8000 ---p 00749000 08:04 13587504                   /usr/lib64/libnvidia-opencl.so.304.64
7f04267f8000-7f04268e9000 rw-p 00749000 08:04 13587504                   /usr/lib64/libnvidia-opencl.so.304.64
7f04268e9000-7f042690f000 rw-p 00000000 00:00 0 
7f042690f000-7f0426924000 r-xp 00000000 08:04 7365805                    /lib64/libgcc_s.so.1
7f0426924000-7f0426b23000 ---p 00015000 08:04 7365805                    /lib64/libgcc_s.so.1
7f0426b23000-7f0426b24000 r--p 00014000 08:04 7365805                    /lib64/libgcc_s.so.1
7f0426b24000-7f0426b25000 rw-p 00015000 08:04 7365805                    /lib64/libgcc_s.so.1
7f0426b45000-7f0426b46000 r--s dc009000 00:05 6554                       /dev/nvidia0
7f0426b46000-7f0428c6c000 r-xp 00000000 08:04 4616158                    /opt/AMDAPP/lib/x86_64/libamdocl64.so
7f0428c6c000-7f0428e6b000 ---p 02126000 08:04 4616158                    /opt/AMDAPP/lib/x86_64/libamdocl64.so
7f0428e6b000-7f04290d7000 rw-p 02125000 08:04 4616158                    /opt/AMDAPP/lib/x86_64/libamdocl64.so
7f04290d7000-7f04291ec000 rw-p 00000000 00:00 0 
7f04291ec000-7f04291f2000 r-xp 00000000 08:04 4616155                    /opt/AMDAPP/lib/x86_64/libOpenCL.so.1
7f04291f2000-7f04293f1000 ---p 00006000 08:04 4616155                    /opt/AMDAPP/lib/x86_64/libOpenCL.so.1
7f04293f1000-7f04293f2000 rw-p 00005000 08:04 4616155                    /opt/AMDAPP/lib/x86_64/libOpenCL.so.1
7f04293f2000-7f04295f2000 rw-s 746f6000 00:05 6554                       /dev/nvidia0
7f04295f2000-7f04297f2000 rw-s 56f6c000 00:05 6554                       /dev/nvidia0
7f04297f2000-7f04299f2000 rw-s 72112000 00:05 6554                       /dev/nvidia0
7f04299f2000-7f0429af2000 rw-s c30af000 00:05 6554                       /dev/nvidia0
7f0429c16000-7f042b5e6000 r-xp 00000000 08:04 13586150                   /usr/lib64/libnvidia-glcore.so.304.64
7f042b5e6000-7f042b7e5000 ---p 019d0000 08:04 13586150                   /usr/lib64/libnvidia-glcore.so.304.64
7f042b7e5000-7f042bfe6000 rwxp 019cf000 08:04 13586150                   /usr/lib64/libnvidia-glcore.so.304.64
7f042bfe6000-7f042c000000 rwxp 00000000 00:00 0 
7f042c000000-7f042df3e000 rw-p 00000000 00:00 0 
7f042df3e000-7f0430000000 ---p 00000000 00:00 0 
7f0430187000-7f0430208000 rw-p 00000000 00:00 0 
7f0430208000-7f0430265000 r--p 00000000 08:04 169560                     /var/cache/libx11/compose/l4_030_313cb605_00280cc0
7f04302a2000-7f04302a5000 r-xp 00000000 08:04 1080324                    /usr/lib64/tls/libnvidia-tls.so.304.64
7f04302a5000-7f04304a4000 ---p 00003000 08:04 1080324                    /usr/lib64/tls/libnvidia-tls.so.304.64
7f04304a4000-7f04304a5000 rw-p 00002000 08:04 1080324                    /usr/lib64/tls/libnvidia-tls.so.304.64
7f04304a5000-7f043056f000 r-xp 00000000 08:04 12701569                   /usr/X11R6/lib64/libGL.so.304.64
7f043056f000-7f043076f000 ---p 000ca000 08:04 12701569                   /usr/X11R6/lib64/libGL.so.304.64
7f043076f000-7f04307ac000 rwxp 000ca000 08:04 12701569                   /usr/X11R6/lib64/libGL.so.304.64
7f04307ac000-7f04307ea000 rwxp 00000000 00:00 0 
7f04307ea000-7f04307ef000 r-xp 00000000 08:04 13586441                   /usr/lib64/libXxf86vm.so.1.0.0
7f04307ef000-7f04309ee000 ---p 00005000 08:04 13586441                   /usr/lib64/libXxf86vm.so.1.0.0
7f04309ee000-7f04309ef000 r--p 00004000 08:04 13586441                   /usr/lib64/libXxf86vm.so.1.0.0
7f04309ef000-7f04309f0000 rw-p 00005000 08:04 13586441                   /usr/lib64/libXxf86vm.so.1.0.0
7f04309f0000-7f04309f8000 r-xp 00000000 08:04 13586427                   /usr/lib64/libXrandr.so.2.2.0
7f04309f8000-7f0430bf7000 ---p 00008000 08:04 13586427                   /usr/lib64/libXrandr.so.2.2.0
7f0430bf7000-7f0430bf8000 r--p 00007000 08:04 13586427                   /usr/lib64/libXrandr.so.2.2.0
7f0430bf8000-7f0430bf9000 rw-p 00008000 08:04 13586427                   /usr/lib64/libXrandr.so.2.2.0
7f0430bf9000-7f0430c63000 r-xp 00000000 00:1b 27952947                   /net/hel/export/9/student/t/tgraf/parallel/lwjgl-2.9.0/native/linux/liblwjgl64.so
7f0430c63000-7f0430e63000 ---p 0006a000 00:1b 27952947                   /net/hel/export/9/student/t/tgraf/parallel/lwjgl-2.9.0/native/linux/liblwjgl64.so
7f0430e63000-7f0430e65000 r--p 0006a000 00:1b 27952947                   /net/hel/export/9/student/t/tgraf/parallel/lwjgl-2.9.0/native/linux/liblwjgl64.so
7f0430e65000-7f0430e66000 rw-p 0006c000 00:1b 27952947                   /net/hel/export/9/student/t/tgraf/parallel/lwjgl-2.9.0/native/linux/liblwjgl64.so
7f0430e66000-7f0430e67000 r-xp 00000000 08:04 3896173                    /usr/java/jdk1.7.0_25/jre/lib/amd64/libjawt.so
7f0430e67000-7f0431066000 ---p 00001000 08:04 3896173                    /usr/java/jdk1.7.0_25/jre/lib/amd64/libjawt.so
7f0431066000-7f0431067000 rw-p 00000000 08:04 3896173                    /usr/java/jdk1.7.0_25/jre/lib/amd64/libjawt.so
7f0431067000-7f0431168000 rwxp 00000000 00:00 0 
7f0431168000-7f043116d000 r-xp 00000000 08:04 13587018                   /usr/lib64/libXfixes.so.3.1.0
7f043116d000-7f043136c000 ---p 00005000 08:04 13587018                   /usr/lib64/libXfixes.so.3.1.0
7f043136c000-7f043136d000 r--p 00004000 08:04 13587018                   /usr/lib64/libXfixes.so.3.1.0
7f043136d000-7f043136e000 rw-p 00005000 08:04 13587018                   /usr/lib64/libXfixes.so.3.1.0
7f043136e000-7f0431378000 r-xp 00000000 08:04 13586411                   /usr/lib64/libXcursor.so.1.0.2
7f0431378000-7f0431577000 ---p 0000a000 08:04 13586411                   /usr/lib64/libXcursor.so.1.0.2
7f0431577000-7f0431578000 r--p 00009000 08:04 13586411                   /usr/lib64/libXcursor.so.1.0.2
7f0431578000-7f0431579000 rw-p 0000a000 08:04 13586411                   /usr/lib64/libXcursor.so.1.0.2
7f043157c000-7f043157d000 rw-s f7ee9000 00:05 6554                       /dev/nvidia0
7f043157d000-7f043159a000 rw-s 11d905000 00:05 6554                      /dev/nvidia0
7f043159a000-7f043169b000 rwxp 00000000 00:00 0 
7f043169b000-7f043169d000 r-xp 00000000 08:04 13585538                   /usr/lib64/libXau.so.6.0.0
7f043169d000-7f043189d000 ---p 00002000 08:04 13585538                   /usr/lib64/libXau.so.6.0.0
7f043189d000-7f043189e000 r--p 00002000 08:04 13585538                   /usr/lib64/libXau.so.6.0.0
7f043189e000-7f043189f000 rw-p 00003000 08:04 13585538                   /usr/lib64/libXau.so.6.0.0
7f043189f000-7f04318bb000 r-xp 00000000 08:04 13586709                   /usr/lib64/libxcb.so.1.1.0
7f04318bb000-7f0431aba000 ---p 0001c000 08:04 13586709                   /usr/lib64/libxcb.so.1.1.0
7f0431aba000-7f0431abb000 r--p 0001b000 08:04 13586709                   /usr/lib64/libxcb.so.1.1.0
7f0431abb000-7f0431abc000 rw-p 0001c000 08:04 13586709                   /usr/lib64/libxcb.so.1.1.0
7f0431abc000-7f0431acb000 r-xp 00000000 08:04 13587103                   /usr/lib64/libXi.so.6.1.0
7f0431acb000-7f0431cca000 ---p 0000f000 08:04 13587103                   /usr/lib64/libXi.so.6.1.0
7f0431cca000-7f0431ccb000 r--p 0000e000 08:04 13587103                   /usr/lib64/libXi.so.6.1.0
7f0431ccb000-7f0431ccc000 rw-p 0000f000 08:04 13587103                   /usr/lib64/libXi.so.6.1.0
7f0431ccc000-7f0431cd1000 r-xp 00000000 08:04 13586431                   /usr/lib64/libXtst.so.6.1.0
7f0431cd1000-7f0431ed1000 ---p 00005000 08:04 13586431                   /usr/lib64/libXtst.so.6.1.0
7f0431ed1000-7f0431ed2000 r--p 00005000 08:04 13586431                   /usr/lib64/libXtst.so.6.1.0
7f0431ed2000-7f0431ed3000 rw-p 00006000 08:04 13586431                   /usr/lib64/libXtst.so.6.1.0
7f0431ed3000-7f0431edd000 r-xp 00000000 08:04 13587016                   /usr/lib64/libXrender.so.1.3.0
7f0431edd000-7f04320dc000 ---p 0000a000 08:04 13587016                   /usr/lib64/libXrender.so.1.3.0
7f04320dc000-7f04320dd000 r--p 00009000 08:04 13587016                   /usr/lib64/libXrender.so.1.3.0
7f04320dd000-7f04320de000 rw-p 0000a000 08:04 13587016                   /usr/lib64/libXrender.so.1.3.0
7f04320de000-7f043221b000 r-xp 00000000 08:04 13586097                   /usr/lib64/libX11.so.6.3.0
7f043221b000-7f043241b000 ---p 0013d000 08:04 13586097                   /usr/lib64/libX11.so.6.3.0
7f043241b000-7f043241c000 r--p 0013d000 08:04 13586097                   /usr/lib64/libX11.so.6.3.0
7f043241c000-7f0432421000 rw-p 0013e000 08:04 13586097                   /usr/lib64/libX11.so.6.3.0
7f0432421000-7f0432433000 r-xp 00000000 08:04 13587020                   /usr/lib64/libXext.so.6.4.0
7f0432433000-7f0432632000 ---p 00012000 08:04 13587020                   /usr/lib64/libXext.so.6.4.0
7f0432632000-7f0432633000 r--p 00011000 08:04 13587020                   /usr/lib64/libXext.so.6.4.0
7f0432633000-7f0432634000 rw-p 00012000 08:04 13587020                   /usr/lib64/libXext.so.6.4.0
7f0432634000-7f0432635000 rw-s 56e7a000 00:05 6554                       /dev/nvidia0
7f0432635000-7f0432636000 rw-p 00000000 00:00 0 
7f0432636000-7f0432655000 r--p 00000000 08:04 67012                      /usr/share/locale/de/LC_MESSAGES/libc.mo
7f0432655000-7f04326a5000 r-xp 00000000 08:04 3896206                    /usr/java/jdk1.7.0_25/jre/lib/amd64/xawt/libmawt.so
7f04326a5000-7f04328a5000 ---p 00050000 08:04 3896206                    /usr/java/jdk1.7.0_25/jre/lib/amd64/xawt/libmawt.so
7f04328a5000-7f04328a9000 rw-p 00050000 08:04 3896206                    /usr/java/jdk1.7.0_25/jre/lib/amd64/xawt/libmawt.so
7f04328a9000-7f04328aa000 rw-p 00000000 00:00 0 
7f04328aa000-7f043294d000 r-xp 00000000 08:04 3896154                    /usr/java/jdk1.7.0_25/jre/lib/amd64/libawt.so
7f043294d000-7f0432b4d000 ---p 000a3000 08:04 3896154                    /usr/java/jdk1.7.0_25/jre/lib/amd64/libawt.so
7f0432b4d000-7f0432b59000 rw-p 000a3000 08:04 3896154                    /usr/java/jdk1.7.0_25/jre/lib/amd64/libawt.so
7f0432b59000-7f0432b7d000 rw-p 00000000 00:00 0 
7f0432b7d000-7f0432b7e000 ---p 00000000 00:00 0 
7f0432b7e000-7f0432d7f000 rwxp 00000000 00:00 0 
7f0432d7f000-7f0432d80000 ---p 00000000 00:00 0 
7f0432d80000-7f0432e80000 rwxp 00000000 00:00 0 
7f0432e80000-7f0432e81000 ---p 00000000 00:00 0 
7f0432e81000-7f0433082000 rwxp 00000000 00:00 0 
7f0433082000-7f04330c1000 r--p 00000000 08:04 38595                      /usr/lib/locale/de_DE.utf8/LC_CTYPE
7f04330c1000-7f04330c2000 r--p 00000000 08:04 38687                      /usr/lib/locale/de_DE.utf8/LC_NUMERIC
7f04330c2000-7f04330c3000 r--p 00000000 08:04 36481                      /usr/lib/locale/de_DE.utf8/LC_TIME
7f04330c3000-7f04331e0000 r--p 00000000 08:04 36479                      /usr/lib/locale/de_DE.utf8/LC_COLLATE
7f04331e0000-7f04333e2000 rwxp 00000000 00:00 0 
7f04333e2000-7f04333e3000 ---p 00000000 00:00 0 
7f04333e3000-7f04334e3000 rwxp 00000000 00:00 0 
7f04334e3000-7f0433ebf000 rw-p 00000000 00:00 0 
7f0433ebf000-7f043407c000 r--s 039f9000 08:04 3897591                    /usr/java/jdk1.7.0_25/jre/lib/rt.jar
7f043407c000-7f0436958000 rw-p 00000000 00:00 0 
7f0436958000-7f0436959000 ---p 00000000 00:00 0 
7f0436959000-7f0436a59000 rwxp 00000000 00:00 0 
7f0436a59000-7f0436a5a000 ---p 00000000 00:00 0 
7f0436a5a000-7f0436b5a000 rwxp 00000000 00:00 0 
7f0436b5a000-7f0436b65000 rw-p 00000000 00:00 0 
7f0436b65000-7f0436b83000 rw-p 00000000 00:00 0 
7f0436b83000-7f0436b97000 rw-p 00000000 00:00 0 
7f0436b97000-7f0436cc3000 rw-p 00000000 00:00 0 
7f0436cc3000-7f0436cce000 rw-p 00000000 00:00 0 
7f0436cce000-7f0436cec000 rw-p 00000000 00:00 0 
7f0436cec000-7f0436d00000 rw-p 00000000 00:00 0 
7f0436d00000-7f0436e2c000 rw-p 00000000 00:00 0 
7f0436e2c000-7f0436e36000 rw-p 00000000 00:00 0 
7f0436e36000-7f0436ecc000 rw-p 00000000 00:00 0 
7f0436ecc000-7f0436ecd000 rw-p 00000000 00:00 0 
7f0436ecd000-7f043713d000 rwxp 00000000 00:00 0 
7f043713d000-7f0439ecd000 rw-p 00000000 00:00 0 
7f0439ecd000-7f0439ee8000 r-xp 00000000 08:04 3896200                    /usr/java/jdk1.7.0_25/jre/lib/amd64/libzip.so
7f0439ee8000-7f043a0e7000 ---p 0001b000 08:04 3896200                    /usr/java/jdk1.7.0_25/jre/lib/amd64/libzip.so
7f043a0e7000-7f043a0e8000 rw-p 0001a000 08:04 3896200                    /usr/java/jdk1.7.0_25/jre/lib/amd64/libzip.so
7f043a0e8000-7f043a111000 r-xp 00000000 08:04 3896168                    /usr/java/jdk1.7.0_25/jre/lib/amd64/libjava.so
7f043a111000-7f043a311000 ---p 00029000 08:04 3896168                    /usr/java/jdk1.7.0_25/jre/lib/amd64/libjava.so
7f043a311000-7f043a313000 rw-p 00029000 08:04 3896168                    /usr/java/jdk1.7.0_25/jre/lib/amd64/libjava.so
7f043a313000-7f043a320000 r-xp 00000000 08:04 3896199                    /usr/java/jdk1.7.0_25/jre/lib/amd64/libverify.so
7f043a320000-7f043a51f000 ---p 0000d000 08:04 3896199                    /usr/java/jdk1.7.0_25/jre/lib/amd64/libverify.so
7f043a51f000-7f043a521000 rw-p 0000c000 08:04 3896199                    /usr/java/jdk1.7.0_25/jre/lib/amd64/libverify.so
7f043a521000-7f043a529000 r-xp 00000000 08:04 7365684                    /lib64/librt-2.11.3.so
7f043a529000-7f043a728000 ---p 00008000 08:04 7365684                    /lib64/librt-2.11.3.so
7f043a728000-7f043a729000 r--p 00007000 08:04 7365684                    /lib64/librt-2.11.3.so
7f043a729000-7f043a72a000 rw-p 00008000 08:04 7365684                    /lib64/librt-2.11.3.so
7f043a72a000-7f043a780000 r-xp 00000000 08:04 7365662                    /lib64/libm-2.11.3.so
7f043a780000-7f043a97f000 ---p 00056000 08:04 7365662                    /lib64/libm-2.11.3.so
7f043a97f000-7f043a980000 r--p 00055000 08:04 7365662                    /lib64/libm-2.11.3.so
7f043a980000-7f043a981000 rw-p 00056000 08:04 7365662                    /lib64/libm-2.11.3.so
7f043a981000-7f043b3c2000 r-xp 00000000 08:04 3896204                    /usr/java/jdk1.7.0_25/jre/lib/amd64/server/libjvm.so
7f043b3c2000-7f043b5c2000 ---p 00a41000 08:04 3896204                    /usr/java/jdk1.7.0_25/jre/lib/amd64/server/libjvm.so
7f043b5c2000-7f043b665000 rw-p 00a41000 08:04 3896204                    /usr/java/jdk1.7.0_25/jre/lib/amd64/server/libjvm.so
7f043b665000-7f043b6a1000 rw-p 00000000 00:00 0 
7f043b6a1000-7f043b805000 r-xp 00000000 08:04 7365654                    /lib64/libc-2.11.3.so
7f043b805000-7f043ba04000 ---p 00164000 08:04 7365654                    /lib64/libc-2.11.3.so
7f043ba04000-7f043ba08000 r--p 00163000 08:04 7365654                    /lib64/libc-2.11.3.so
7f043ba08000-7f043ba09000 rw-p 00167000 08:04 7365654                    /lib64/libc-2.11.3.so
7f043ba09000-7f043ba0e000 rw-p 00000000 00:00 0 
7f043ba0e000-7f043ba10000 r-xp 00000000 08:04 7365660                    /lib64/libdl-2.11.3.so
7f043ba10000-7f043bc10000 ---p 00002000 08:04 7365660                    /lib64/libdl-2.11.3.so
7f043bc10000-7f043bc11000 r--p 00002000 08:04 7365660                    /lib64/libdl-2.11.3.so
7f043bc11000-7f043bc12000 rw-p 00003000 08:04 7365660                    /lib64/libdl-2.11.3.so
7f043bc12000-7f043bc28000 r-xp 00000000 08:04 3896150                    /usr/java/jdk1.7.0_25/jre/lib/amd64/jli/libjli.so
7f043bc28000-7f043be28000 ---p 00016000 08:04 3896150                    /usr/java/jdk1.7.0_25/jre/lib/amd64/jli/libjli.so
7f043be28000-7f043be29000 rw-p 00016000 08:04 3896150                    /usr/java/jdk1.7.0_25/jre/lib/amd64/jli/libjli.so
7f043be29000-7f043be40000 r-xp 00000000 08:04 7365680                    /lib64/libpthread-2.11.3.so
7f043be40000-7f043c040000 ---p 00017000 08:04 7365680                    /lib64/libpthread-2.11.3.so
7f043c040000-7f043c041000 r--p 00017000 08:04 7365680                    /lib64/libpthread-2.11.3.so
7f043c041000-7f043c042000 rw-p 00018000 08:04 7365680                    /lib64/libpthread-2.11.3.so
7f043c042000-7f043c046000 rw-p 00000000 00:00 0 
7f043c046000-7f043c064000 r-xp 00000000 08:04 7365608                    /lib64/ld-2.11.3.so
7f043c064000-7f043c065000 rw-p 00000000 00:00 0 
7f043c06f000-7f043c07c000 r--s 000e6000 00:1b 27952939                   /net/hel/export/9/student/t/tgraf/parallel/lwjgl-2.9.0/jar/lwjgl.jar
7f043c07c000-7f043c086000 rw-p 00000000 00:00 0 
7f043c086000-7f043c13c000 rw-p 00000000 00:00 0 
7f043c13c000-7f043c13f000 ---p 00000000 00:00 0 
7f043c13f000-7f043c23d000 rwxp 00000000 00:00 0 
7f043c23d000-7f043c241000 rw-p 00000000 00:00 0 
7f043c244000-7f043c245000 rw-s dc060000 00:05 6554                       /dev/nvidia0
7f043c245000-7f043c249000 r--s 00027000 00:1b 27952941                   /net/hel/export/9/student/t/tgraf/parallel/lwjgl-2.9.0/jar/lwjgl_util.jar
7f043c249000-7f043c24a000 r--p 00000000 08:04 38731                      /usr/lib/locale/de_DE.utf8/LC_MONETARY
7f043c24a000-7f043c24b000 r--p 00000000 08:04 38594                      /usr/lib/locale/de_DE.utf8/LC_MESSAGES/SYS_LC_MESSAGES
7f043c24b000-7f043c24c000 r--p 00000000 08:04 38766                      /usr/lib/locale/de_DE.utf8/LC_PAPER
7f043c24c000-7f043c24d000 r--p 00000000 08:04 38570                      /usr/lib/locale/de_DE.utf8/LC_NAME
7f043c24d000-7f043c24e000 r--p 00000000 08:04 36478                      /usr/lib/locale/de_DE.utf8/LC_ADDRESS
7f043c24e000-7f043c24f000 r--p 00000000 08:04 38569                      /usr/lib/locale/de_DE.utf8/LC_TELEPHONE
7f043c24f000-7f043c250000 r--p 00000000 08:04 38770                      /usr/lib/locale/de_DE.utf8/LC_MEASUREMENT
7f043c250000-7f043c257000 r--s 00000000 08:04 10312089                   /usr/lib64/gconv/gconv-modules.cache
7f043c257000-7f043c258000 r--p 00000000 08:04 36480                      /usr/lib/locale/de_DE.utf8/LC_IDENTIFICATION
7f043c258000-7f043c260000 rw-s 00000000 08:04 3895847                    /tmp/hsperfdata_tgraf/18960 (deleted)
7f043c260000-7f043c261000 rw-p 00000000 00:00 0 
7f043c261000-7f043c262000 ---p 00000000 00:00 0 
7f043c262000-7f043c263000 rw-p 00000000 00:00 0 
7f043c263000-7f043c264000 r--p 0001d000 08:04 7365608                    /lib64/ld-2.11.3.so
7f043c264000-7f043c265000 rw-p 0001e000 08:04 7365608                    /lib64/ld-2.11.3.so
7f043c265000-7f043c266000 rw-p 00000000 00:00 0 
7fff227db000-7fff227fb000 rwxp 00000000 00:00 0                          [stack]
7fff227fb000-7fff227fc000 rw-p 00000000 00:00 0 
7fff227ff000-7fff22800000 r-xp 00000000 00:00 0                          [vdso]
ffffffffff600000-ffffffffff601000 r-xp 00000000 00:00 0                  [vsyscall]

VM Arguments:
jvm_args: -Djava.library.path=/home/student/t/tgraf/parallel/lwjgl-2.9.0/native/linux:/home/student/t/tgraf/parallel/lwjgl-2.9.0/native/linux -Dfile.encoding=UTF-8 
java_command: main.Main
Launcher Type: SUN_STANDARD

Environment Variables:
CLASSPATH=.:..:/home/ainf/Aktuell/Packages/AlgoTools.jar:/home/ainf/Vorlesung
PATH=/usr/local/rvm/gems/ruby-1.9.3-p125/bin:/usr/local/rvm/gems/ruby-1.9.3-p125@global/bin:/usr/local/rvm/rubies/ruby-1.9.3-p125/bin:/usr/local/rvm/bin:/usr/local/bin:/usr/bin:/bin:/usr/bin/X11:/usr/X11R6/bin:/usr/games
LD_LIBRARY_PATH=:/opt/AMDAPP/lib/x86_64:/opt/AMDAPP/lib/x86
SHELL=/bin/sh
DISPLAY=:0
HOSTTYPE=x86_64
OSTYPE=linux
MACHTYPE=x86_64-suse-linux

Signal Handlers:
SIGSEGV: [libjvm.so+0x8a26a0], sa_mask[0]=0x7ffbfeff, sa_flags=0x10000004
SIGBUS: [libjvm.so+0x8a26a0], sa_mask[0]=0x7ffbfeff, sa_flags=0x10000004
SIGFPE: [libamdocl64.so+0x3bdff0], sa_mask[0]=0x7ffbfeff, sa_flags=0x10000004
SIGPIPE: [libjvm.so+0x73f3d0], sa_mask[0]=0x7ffbfeff, sa_flags=0x10000004
SIGXFSZ: [libjvm.so+0x73f3d0], sa_mask[0]=0x7ffbfeff, sa_flags=0x10000004
SIGILL: [libjvm.so+0x73f3d0], sa_mask[0]=0x7ffbfeff, sa_flags=0x10000004
SIGUSR1: SIG_DFL, sa_mask[0]=0x00000000, sa_flags=0x00000000
SIGUSR2: [libjvm.so+0x73ed20], sa_mask[0]=0x00000004, sa_flags=0x10000004
SIGHUP: [libjvm.so+0x7410b0], sa_mask[0]=0x7ffbfeff, sa_flags=0x10000004
SIGINT: [libjvm.so+0x7410b0], sa_mask[0]=0x7ffbfeff, sa_flags=0x10000004
SIGTERM: [libjvm.so+0x7410b0], sa_mask[0]=0x7ffbfeff, sa_flags=0x10000004
SIGQUIT: [libjvm.so+0x7410b0], sa_mask[0]=0x7ffbfeff, sa_flags=0x10000004


---------------  S Y S T E M  ---------------

OS:openSUSE 11.4 (x86_64)
VERSION = 11.4
CODENAME = Celadon

uname:Linux 2.6.37.6-24-desktop #1 SMP PREEMPT 2012-10-18 22:36:08 +0200 x86_64
libc:glibc 2.11.3 NPTL 2.11.3 
rlimit: STACK 8192k, CORE 0k, NPROC 30557, NOFILE 8192, AS infinity
load average:0,13 0,12 0,13

/proc/meminfo:
MemTotal:        3924232 kB
MemFree:          712776 kB
Buffers:          180172 kB
Cached:          1819152 kB
SwapCached:            0 kB
Active:          1923812 kB
Inactive:        1010360 kB
Active(anon):     936080 kB
Inactive(anon):     1664 kB
Active(file):     987732 kB
Inactive(file):  1008696 kB
Unevictable:           0 kB
Mlocked:               0 kB
SwapTotal:       2099196 kB
SwapFree:        2099196 kB
Dirty:                80 kB
Writeback:             0 kB
AnonPages:        934912 kB
Mapped:           228208 kB
Shmem:              2884 kB
Slab:             137980 kB
SReclaimable:     108376 kB
SUnreclaim:        29604 kB
KernelStack:        2624 kB
PageTables:        21576 kB
NFS_Unstable:         36 kB
Bounce:                0 kB
WritebackTmp:          0 kB
CommitLimit:     4061312 kB
Committed_AS:    2999652 kB
VmallocTotal:   34359738367 kB
VmallocUsed:      328556 kB
VmallocChunk:   34359403004 kB
HardwareCorrupted:     0 kB
HugePages_Total:       0
HugePages_Free:        0
HugePages_Rsvd:        0
HugePages_Surp:        0
Hugepagesize:       2048 kB
DirectMap4k:      157692 kB
DirectMap2M:     3903488 kB


CPU:total 2 (2 cores per cpu, 1 threads per core) family 6 model 23 stepping 10, cmov, cx8, fxsr, mmx, sse, sse2, sse3, ssse3, sse4.1, tsc

/proc/cpuinfo:
processor	: 0
vendor_id	: GenuineIntel
cpu family	: 6
model		: 23
model name	: Intel(R) Core(TM)2 Duo CPU     E8400  @ 3.00GHz
stepping	: 10
cpu MHz		: 3000.000
cache size	: 6144 KB
physical id	: 0
siblings	: 2
core id		: 0
cpu cores	: 2
apicid		: 0
initial apicid	: 0
fpu		: yes
fpu_exception	: yes
cpuid level	: 13
wp		: yes
flags		: fpu vme de pse tsc msr pae mce cx8 apic sep mtrr pge mca cmov pat pse36 clflush dts acpi mmx fxsr sse sse2 ss ht tm pbe syscall nx lm constant_tsc arch_perfmon pebs bts rep_good nopl aperfmperf pni dtes64 monitor ds_cpl vmx smx est tm2 ssse3 cx16 xtpr pdcm sse4_1 xsave lahf_lm dts tpr_shadow vnmi flexpriority
bogomips	: 5984.42
clflush size	: 64
cache_alignment	: 64
address sizes	: 36 bits physical, 48 bits virtual
power management:

processor	: 1
vendor_id	: GenuineIntel
cpu family	: 6
model		: 23
model name	: Intel(R) Core(TM)2 Duo CPU     E8400  @ 3.00GHz
stepping	: 10
cpu MHz		: 3000.000
cache size	: 6144 KB
physical id	: 0
siblings	: 2
core id		: 1
cpu cores	: 2
apicid		: 1
initial apicid	: 1
fpu		: yes
fpu_exception	: yes
cpuid level	: 13
wp		: yes
flags		: fpu vme de pse tsc msr pae mce cx8 apic sep mtrr pge mca cmov pat pse36 clflush dts acpi mmx fxsr sse sse2 ss ht tm pbe syscall nx lm constant_tsc arch_perfmon pebs bts rep_good nopl aperfmperf pni dtes64 monitor ds_cpl vmx smx est tm2 ssse3 cx16 xtpr pdcm sse4_1 xsave lahf_lm dts tpr_shadow vnmi flexpriority
bogomips	: 5984.65
clflush size	: 64
cache_alignment	: 64
address sizes	: 36 bits physical, 48 bits virtual
power management:



Memory: 4k page, physical 3924232k(712776k free), swap 2099196k(2099196k free)

vm_info: Java HotSpot(TM) 64-Bit Server VM (23.25-b01) for linux-amd64 JRE (1.7.0_25-b15), built on Jun  5 2013 20:48:36 by "java_re" with gcc 4.3.0 20080428 (Red Hat 4.3.0-8)

time: Wed Aug 21 10:43:45 2013
elapsed time: 2 seconds

