#
# A fatal error has been detected by the Java Runtime Environment:
#
#  SIGSEGV (0xb) at pc=0x00007feebe66f2c3, pid=10936, tid=140663571588864
#
# JRE version: 7.0_25-b15
# Java VM: Java HotSpot(TM) 64-Bit Server VM (23.25-b01 mixed mode linux-amd64 compressed oops)
# Problematic frame:
# C  [libGL.so.1+0x9d2c3]  glXCreatePixmap+0x26da3
#
# Failed to write core dump. Core dumps have been disabled. To enable core dumping, try "ulimit -c unlimited" before starting Java again
#
# If you would like to submit a bug report, please visit:
#   http://bugreport.sun.com/bugreport/crash.jsp
#

---------------  T H R E A D  ---------------

Current thread is native thread

siginfo:si_signo=SIGSEGV: si_errno=0, si_code=1 (SEGV_MAPERR), si_addr=0x0000000000000024

Registers:
RAX=0x0000000000002ab8, RBX=0x0000000000000000, RCX=0x00007feeb86a9480, RDX=0x000000000001f400
RSP=0x00007fff090533b0, RBP=0x000000000001f400, RSI=0x0000000009770000, RDI=0x00007feebe2b4010
R8 =0x0000000000000000, R9 =0x0000000000000000, R10=0x0000000000000000, R11=0x00007feec985d097
R12=0x000000000001f400, R13=0x0000000009770000, R14=0x00007feebe2b4010, R15=0x00007feeb86a9480
RIP=0x00007feebe66f2c3, EFLAGS=0x0000000000010202, CSGSFS=0x0000000000000033, ERR=0x0000000000000004
  TRAPNO=0x000000000000000e

Top of Stack: (sp=0x00007fff090533b0)
0x00007fff090533b0:   00002ab80ea4b293 0000000000000002
0x00007fff090533c0:   000000000001f400 000000000001f400
0x00007fff090533d0:   0000000009770000 00007feebe2b4010
0x00007fff090533e0:   00007feeb86a9480 00007feeb6f17cdb
0x00007fff090533f0:   00007feec97e8710 00007fff09053410
0x00007fff09053400:   00007feeb86a9480 0001f400b85f5ec0
0x00007fff09053410:   00007feeb8013c70 0000000000000000
0x00007fff09053420:   00007feeb8012bc0 00007feeca37c9b8
0x00007fff09053430:   00007feebe5ee2c5 0000000000000002
0x00007fff09053440:   00007fff09053560 00007feeb8672860
0x00007fff09053450:   0000000000000000 0000000000000000
0x00007fff09053460:   0000000000000000 00007feeb6f069ad
0x00007fff09053470:   00007fff090535b0 00007feeb8012bc0
0x00007fff09053480:   00007fff090535d8 00007feeca18aa9a
0x00007fff09053490:   000000000ea4b293 0000001009053520
0x00007fff090534a0:   0000000000000000 00000004ca18aad4
0x00007fff090534b0:   00007feebe2b4010 0000000409053540
0x00007fff090534c0:   000000107c96f087 00000012ffffffef
0x00007fff090534d0:   000000000000000b 0000000000768200
0x00007fff090534e0:   000000000e5fc15f 00007feeca18b1a1
0x00007fff090534f0:   0000000000000016 00007fee0000001f
0x00007fff09053500:   0000000000397f05 00007feec020f31c
0x00007fff09053510:   00007fff09053690 00007feec020fef8
0x00007fff09053520:   00007feec0213828 0000000000000000
0x00007fff09053530:   0000000000767e88 00007feeca37c9b8
0x00007fff09053540:   00000000007658f0 0000000000000000
0x00007fff09053550:   0000000000000000 0000000000765d90
0x00007fff09053560:   ffffffffffffffff 0000000000000000
0x00007fff09053570:   0000000000000000 0000000000000000
0x00007fff09053580:   0000000000000000 0000000000000000
0x00007fff09053590:   0000000000000000 0000000000000000
0x00007fff090535a0:   0000000000000000 0000000000000000 

Instructions: (pc=0x00007feebe66f2c3)
0x00007feebe66f2a3:   ec 38 48 85 ff 74 25 48 8b 05 5f 55 24 00 48 8b
0x00007feebe66f2b3:   00 ff 50 20 48 89 c3 e8 c1 4d 00 00 89 44 24 04
0x00007feebe66f2c3:   8b 43 24 ff c0 89 43 24 ff c8 74 23 48 8b 5c 24
0x00007feebe66f2d3:   08 48 8b 6c 24 10 4c 8b 64 24 18 4c 8b 6c 24 20 

Register to memory mapping:

RAX=0x0000000000002ab8 is an unknown value
RBX=0x0000000000000000 is an unknown value
RCX=0x00007feeb86a9480 is an unknown value
RDX=0x000000000001f400 is an unknown value
RSP=0x00007fff090533b0 is an unknown value
RBP=0x000000000001f400 is an unknown value
RSI=0x0000000009770000 is an unknown value
RDI=0x00007feebe2b4010 is an unknown value
R8 =0x0000000000000000 is an unknown value
R9 =0x0000000000000000 is an unknown value
R10=0x0000000000000000 is an unknown value
R11=0x00007feec985d097: memset+0xa7 in /lib64/libc.so.6 at 0x00007feec97dd000
R12=0x000000000001f400 is an unknown value
R13=0x0000000009770000 is an unknown value
R14=0x00007feebe2b4010 is an unknown value
R15=0x00007feeb86a9480 is an unknown value


Stack: [0x00007fff08f55000,0x00007fff09055000],  sp=0x00007fff090533b0,  free space=1016k
Native frames: (J=compiled Java code, j=interpreted, Vv=VM code, C=native code)
C  [libGL.so.1+0x9d2c3]  glXCreatePixmap+0x26da3

[error occurred during error reporting (printing native stack), id 0xb]


---------------  P R O C E S S  ---------------

VM state:at safepoint (shutting down)

VM Mutex/Monitor currently owned by a thread:  ([mutex/lock_event])
[0x00000000006073b0] Threads_lock - owner thread: 0x000000000068e000

Heap
 PSYoungGen      total 17920K, used 10349K [0x00000000ec000000, 0x00000000ed3f0000, 0x0000000100000000)
  eden space 15424K, 67% used [0x00000000ec000000,0x00000000eca1b7f8,0x00000000ecf10000)
  from space 2496K, 0% used [0x00000000ed180000,0x00000000ed180000,0x00000000ed3f0000)
  to   space 2496K, 0% used [0x00000000ecf10000,0x00000000ecf10000,0x00000000ed180000)
 ParOldGen       total 40960K, used 0K [0x00000000c4000000, 0x00000000c6800000, 0x00000000ec000000)
  object space 40960K, 0% used [0x00000000c4000000,0x00000000c4000000,0x00000000c6800000)
 PSPermGen       total 21248K, used 7212K [0x00000000bee00000, 0x00000000c02c0000, 0x00000000c4000000)
  object space 21248K, 33% used [0x00000000bee00000,0x00000000bf50b170,0x00000000c02c0000)

Card table byte_map: [0x00007feec4dff000,0x00007feec5009000] byte_map_base: 0x00007feec4808000

Polling page: 0x00007feeca39d000

Code Cache  [0x00007feec5009000, 0x00007feec5279000, 0x00007feec8009000)
 total_blobs=511 nmethods=34 adapters=430 free_code_cache=48564Kb largest_free_block=49718848

Compilation events (10 events):
Event: 1,297 Thread 0x00000000006f4800   30             pa.util.math.MathUtil::nextFloat (9 bytes)
Event: 1,299 Thread 0x00000000006f4800 nmethod 30 0x00007feec509ae50 code [0x00007feec509afc0, 0x00007feec509b0b8]
Event: 1,299 Thread 0x00000000006f4800   31             pa.util.math.MathUtil::_rand (23 bytes)
Event: 1,299 Thread 0x00000000006f4800 nmethod 31 0x00007feec509bb10 code [0x00007feec509bc40, 0x00007feec509bcb8]
Event: 1,299 Thread 0x00000000006f4800   32             java.util.Random::nextFloat (11 bytes)
Event: 1,300 Thread 0x00000000006f4800 nmethod 32 0x00007feec509ab10 code [0x00007feec509ac80, 0x00007feec509ad58]
Event: 1,300 Thread 0x00000000006f4800    1 % !         sph.SPH::init @ 218 (732 bytes)
Event: 1,308 Thread 0x00000000006f1800   33             java.lang.Math::min (11 bytes)
Event: 1,308 Thread 0x00000000006f1800 nmethod 33 0x00007feec508c6d0 code [0x00007feec508c800, 0x00007feec508c838]
Event: 1,316 Thread 0x00000000006f4800 nmethod 1% 0x00007feec509be90 code [0x00007feec509c140, 0x00007feec509cd00]

GC Heap History (0 events):
No events

Deoptimization events (0 events):
No events

Internal exceptions (10 events):
Event: 1,273 Thread 0x0000000000608800 Threw 0x00000000ec6d1300 at /HUDSON/workspace/jdk7u25-2-build-linux-amd64-product/jdk7u25/hotspot/src/share/vm/prims/jvm.cpp:1235
Event: 1,274 Thread 0x0000000000608800 Threw 0x00000000ec6d2eb8 at /HUDSON/workspace/jdk7u25-2-build-linux-amd64-product/jdk7u25/hotspot/src/share/vm/prims/jvm.cpp:1235
Event: 1,275 Thread 0x0000000000608800 Threw 0x00000000ec6dbac0 at /HUDSON/workspace/jdk7u25-2-build-linux-amd64-product/jdk7u25/hotspot/src/share/vm/prims/jvm.cpp:1235
Event: 1,279 Thread 0x0000000000608800 Threw 0x00000000ec83b2f8 at /HUDSON/workspace/jdk7u25-2-build-linux-amd64-product/jdk7u25/hotspot/src/share/vm/prims/jvm.cpp:1235
Event: 1,287 Thread 0x0000000000608800 Threw 0x00000000ec83f410 at /HUDSON/workspace/jdk7u25-2-build-linux-amd64-product/jdk7u25/hotspot/src/share/vm/prims/jvm.cpp:1235
Event: 1,288 Thread 0x0000000000608800 Threw 0x00000000ec844898 at /HUDSON/workspace/jdk7u25-2-build-linux-amd64-product/jdk7u25/hotspot/src/share/vm/prims/jvm.cpp:1235
Event: 1,301 Thread 0x0000000000608800 Threw 0x00000000ec868590 at /HUDSON/workspace/jdk7u25-2-build-linux-amd64-product/jdk7u25/hotspot/src/share/vm/prims/jvm.cpp:1235
Event: 1,303 Thread 0x0000000000608800 Threw 0x00000000ec87a258 at /HUDSON/workspace/jdk7u25-2-build-linux-amd64-product/jdk7u25/hotspot/src/share/vm/prims/jvm.cpp:1235
Event: 1,306 Thread 0x0000000000608800 Threw 0x00000000ec8fc340 at /HUDSON/workspace/jdk7u25-2-build-linux-amd64-product/jdk7u25/hotspot/src/share/vm/interpreter/linkReso
Event: 1,308 Thread 0x00007feeb8711000 Threw 0x00000000ec9817c0 at /HUDSON/workspace/jdk7u25-2-build-linux-amd64-product/jdk7u25/hotspot/src/share/vm/prims/jvm.cpp:1235

Events (10 events):
Event: 1,308 Thread 0x00007feeb8712000 Thread added: 0x00007feeb8712000
Event: 1,309 loading class 0x000000000077df70
Event: 1,309 loading class 0x000000000060a440
Event: 1,309 loading class 0x000000000060a440 done
Event: 1,309 loading class 0x00000000009be130
Event: 1,309 loading class 0x00000000009be130 done
Event: 1,309 loading class 0x000000000077df70 done
Event: 1,394 Thread 0x00007feeb8711000 Thread exited: 0x00007feeb8711000
Event: 1,394 Thread 0x00007feeb8712000 Thread exited: 0x00007feeb8712000
Event: 1,394 Thread 0x00007feeb8665000 Thread exited: 0x00007feeb8665000


Dynamic libraries:
00400000-00401000 r-xp 00000000 08:04 3764801                            /usr/java/jdk1.7.0_25/bin/java
00600000-00601000 rw-p 00000000 08:04 3764801                            /usr/java/jdk1.7.0_25/bin/java
00601000-00a9c000 rw-p 00000000 00:00 0                                  [heap]
407b5000-40833000 rw-p 00000000 00:00 0 
bee00000-c02c0000 rw-p 00000000 00:00 0 
c02c0000-c4000000 rw-p 00000000 00:00 0 
c4000000-c6800000 rw-p 00000000 00:00 0 
c6800000-ec000000 rw-p 00000000 00:00 0 
ec000000-ed3f0000 rw-p 00000000 00:00 0 
ed3f0000-100000000 rw-p 00000000 00:00 0 
200000000-600000000 ---p 00000000 00:00 0 
7feeb260b000-7feeb260e000 ---p 00000000 00:00 0 
7feeb260e000-7feeb270c000 rwxp 00000000 00:00 0 
7feeb270c000-7feeb270f000 ---p 00000000 00:00 0 
7feeb270f000-7feeb280d000 rwxp 00000000 00:00 0 
7feeb280d000-7feeb280e000 ---p 00000000 00:00 0 
7feeb280e000-7feeb300e000 rwxp 00000000 00:00 0 
7feeb300e000-7feeb300f000 ---p 00000000 00:00 0 
7feeb300f000-7feeb380f000 rwxp 00000000 00:00 0 
7feeb380f000-7feeb3810000 ---p 00000000 00:00 0 
7feeb3810000-7feeb4010000 rwxp 00000000 00:00 0 
7feeb4010000-7feeb4011000 ---p 00000000 00:00 0 
7feeb4011000-7feeb4811000 rwxp 00000000 00:00 0 
7feeb4811000-7feeb4812000 ---p 00000000 00:00 0 
7feeb4812000-7feeb5012000 rwxp 00000000 00:00 0 
7feeb5012000-7feeb5112000 rw-p 00000000 00:00 0 
7feeb5112000-7feeb5212000 rw-s bead4000 00:05 5100                       /dev/nvidia0
7feeb5212000-7feeb5312000 rw-p 00000000 00:00 0 
7feeb5312000-7feeb5412000 rw-s c1878000 00:05 5100                       /dev/nvidia0
7feeb5412000-7feeb5814000 rw-s 8db36000 00:05 5100                       /dev/nvidia0
7feeb5814000-7feeb5c16000 rw-s c75da000 00:05 5100                       /dev/nvidia0
7feeb5c16000-7feeb75e6000 r-xp 00000000 08:04 13650964                   /usr/lib64/libnvidia-glcore.so.304.64
7feeb75e6000-7feeb77e5000 ---p 019d0000 08:04 13650964                   /usr/lib64/libnvidia-glcore.so.304.64
7feeb77e5000-7feeb7fe6000 rwxp 019cf000 08:04 13650964                   /usr/lib64/libnvidia-glcore.so.304.64
7feeb7fe6000-7feeb8000000 rwxp 00000000 00:00 0 
7feeb8000000-7feeb8761000 rw-p 00000000 00:00 0 
7feeb8761000-7feebc000000 ---p 00000000 00:00 0 
7feebc04d000-7feebc14d000 rw-p 00000000 00:00 0 
7feebc14d000-7feebc14e000 ---p 00000000 00:00 0 
7feebc14e000-7feebc94e000 rwxp 00000000 00:00 0 
7feebc94e000-7feebca4e000 rw-p 00000000 00:00 0 
7feebca4e000-7feebca64000 r-xp 00000000 08:04 7365747                    /lib64/libz.so.1.2.5
7feebca64000-7feebcc64000 ---p 00016000 08:04 7365747                    /lib64/libz.so.1.2.5
7feebcc64000-7feebcc65000 r--p 00016000 08:04 7365747                    /lib64/libz.so.1.2.5
7feebcc65000-7feebcc66000 rw-p 00017000 08:04 7365747                    /lib64/libz.so.1.2.5
7feebcc66000-7feebd3af000 r-xp 00000000 08:04 13650966                   /usr/lib64/libnvidia-opencl.so.304.64
7feebd3af000-7feebd5af000 ---p 00749000 08:04 13650966                   /usr/lib64/libnvidia-opencl.so.304.64
7feebd5af000-7feebd6a0000 rw-p 00749000 08:04 13650966                   /usr/lib64/libnvidia-opencl.so.304.64
7feebd6a0000-7feebd6c6000 rw-p 00000000 00:00 0 
7feebd6e7000-7feebd6eb000 r-xp 00000000 08:04 13585819                   /usr/lib64/libOpenCL.so.1.0.0
7feebd6eb000-7feebd8eb000 ---p 00004000 08:04 13585819                   /usr/lib64/libOpenCL.so.1.0.0
7feebd8eb000-7feebd8ec000 rw-p 00004000 08:04 13585819                   /usr/lib64/libOpenCL.so.1.0.0
7feebd90d000-7feebdb0d000 rw-s 23fb0000 00:05 5100                       /dev/nvidia0
7feebdb0d000-7feebdd0d000 rw-s 897ba000 00:05 5100                       /dev/nvidia0
7feebdd0d000-7feebdf0d000 rw-s 890c5000 00:05 5100                       /dev/nvidia0
7feebdf0d000-7feebe00d000 rw-s 897db000 00:05 5100                       /dev/nvidia0
7feebe2b4000-7feebe335000 rw-p 00000000 00:00 0 
7feebe335000-7feebe392000 r--p 00000000 08:04 170213                     /var/cache/libx11/compose/l4_030_313cb605_00280cc0
7feebe3cf000-7feebe3d2000 r-xp 00000000 08:04 1080419                    /usr/lib64/tls/libnvidia-tls.so.304.64
7feebe3d2000-7feebe5d1000 ---p 00003000 08:04 1080419                    /usr/lib64/tls/libnvidia-tls.so.304.64
7feebe5d1000-7feebe5d2000 rw-p 00002000 08:04 1080419                    /usr/lib64/tls/libnvidia-tls.so.304.64
7feebe5d2000-7feebe69c000 r-xp 00000000 08:04 12701569                   /usr/X11R6/lib64/libGL.so.304.64
7feebe69c000-7feebe89c000 ---p 000ca000 08:04 12701569                   /usr/X11R6/lib64/libGL.so.304.64
7feebe89c000-7feebe8d9000 rwxp 000ca000 08:04 12701569                   /usr/X11R6/lib64/libGL.so.304.64
7feebe8d9000-7feebe917000 rwxp 00000000 00:00 0 
7feebe917000-7feebe91c000 r-xp 00000000 08:04 13586439                   /usr/lib64/libXxf86vm.so.1.0.0
7feebe91c000-7feebeb1b000 ---p 00005000 08:04 13586439                   /usr/lib64/libXxf86vm.so.1.0.0
7feebeb1b000-7feebeb1c000 r--p 00004000 08:04 13586439                   /usr/lib64/libXxf86vm.so.1.0.0
7feebeb1c000-7feebeb1d000 rw-p 00005000 08:04 13586439                   /usr/lib64/libXxf86vm.so.1.0.0
7feebeb1d000-7feebeb25000 r-xp 00000000 08:04 13586422                   /usr/lib64/libXrandr.so.2.2.0
7feebeb25000-7feebed24000 ---p 00008000 08:04 13586422                   /usr/lib64/libXrandr.so.2.2.0
7feebed24000-7feebed25000 r--p 00007000 08:04 13586422                   /usr/lib64/libXrandr.so.2.2.0
7feebed25000-7feebed26000 rw-p 00008000 08:04 13586422                   /usr/lib64/libXrandr.so.2.2.0
7feebed26000-7feebed90000 r-xp 00000000 00:1b 27952947                   /net/hel/export/9/student/t/tgraf/parallel/lwjgl-2.9.0/native/linux/liblwjgl64.so
7feebed90000-7feebef90000 ---p 0006a000 00:1b 27952947                   /net/hel/export/9/student/t/tgraf/parallel/lwjgl-2.9.0/native/linux/liblwjgl64.so
7feebef90000-7feebef92000 r--p 0006a000 00:1b 27952947                   /net/hel/export/9/student/t/tgraf/parallel/lwjgl-2.9.0/native/linux/liblwjgl64.so
7feebef92000-7feebef93000 rw-p 0006c000 00:1b 27952947                   /net/hel/export/9/student/t/tgraf/parallel/lwjgl-2.9.0/native/linux/liblwjgl64.so
7feebef93000-7feebef94000 r-xp 00000000 08:04 3765129                    /usr/java/jdk1.7.0_25/jre/lib/amd64/libjawt.so
7feebef94000-7feebf193000 ---p 00001000 08:04 3765129                    /usr/java/jdk1.7.0_25/jre/lib/amd64/libjawt.so
7feebf193000-7feebf194000 rw-p 00000000 08:04 3765129                    /usr/java/jdk1.7.0_25/jre/lib/amd64/libjawt.so
7feebf194000-7feebf295000 rwxp 00000000 00:00 0 
7feebf295000-7feebf29a000 r-xp 00000000 08:04 13587017                   /usr/lib64/libXfixes.so.3.1.0
7feebf29a000-7feebf499000 ---p 00005000 08:04 13587017                   /usr/lib64/libXfixes.so.3.1.0
7feebf499000-7feebf49a000 r--p 00004000 08:04 13587017                   /usr/lib64/libXfixes.so.3.1.0
7feebf49a000-7feebf49b000 rw-p 00005000 08:04 13587017                   /usr/lib64/libXfixes.so.3.1.0
7feebf49b000-7feebf4a5000 r-xp 00000000 08:04 13586403                   /usr/lib64/libXcursor.so.1.0.2
7feebf4a5000-7feebf6a4000 ---p 0000a000 08:04 13586403                   /usr/lib64/libXcursor.so.1.0.2
7feebf6a4000-7feebf6a5000 r--p 00009000 08:04 13586403                   /usr/lib64/libXcursor.so.1.0.2
7feebf6a5000-7feebf6a6000 rw-p 0000a000 08:04 13586403                   /usr/lib64/libXcursor.so.1.0.2
7feebf6aa000-7feebf6c7000 rw-s 115256000 00:05 5100                      /dev/nvidia0
7feebf6c7000-7feebf7c8000 rwxp 00000000 00:00 0 
7feebf7c8000-7feebf7ca000 r-xp 00000000 08:04 13585533                   /usr/lib64/libXau.so.6.0.0
7feebf7ca000-7feebf9ca000 ---p 00002000 08:04 13585533                   /usr/lib64/libXau.so.6.0.0
7feebf9ca000-7feebf9cb000 r--p 00002000 08:04 13585533                   /usr/lib64/libXau.so.6.0.0
7feebf9cb000-7feebf9cc000 rw-p 00003000 08:04 13585533                   /usr/lib64/libXau.so.6.0.0
7feebf9cc000-7feebf9e8000 r-xp 00000000 08:04 13586706                   /usr/lib64/libxcb.so.1.1.0
7feebf9e8000-7feebfbe7000 ---p 0001c000 08:04 13586706                   /usr/lib64/libxcb.so.1.1.0
7feebfbe7000-7feebfbe8000 r--p 0001b000 08:04 13586706                   /usr/lib64/libxcb.so.1.1.0
7feebfbe8000-7feebfbe9000 rw-p 0001c000 08:04 13586706                   /usr/lib64/libxcb.so.1.1.0
7feebfbe9000-7feebfbf8000 r-xp 00000000 08:04 13587101                   /usr/lib64/libXi.so.6.1.0
7feebfbf8000-7feebfdf7000 ---p 0000f000 08:04 13587101                   /usr/lib64/libXi.so.6.1.0
7feebfdf7000-7feebfdf8000 r--p 0000e000 08:04 13587101                   /usr/lib64/libXi.so.6.1.0
7feebfdf8000-7feebfdf9000 rw-p 0000f000 08:04 13587101                   /usr/lib64/libXi.so.6.1.0
7feebfdf9000-7feebfdfe000 r-xp 00000000 08:04 13586428                   /usr/lib64/libXtst.so.6.1.0
7feebfdfe000-7feebfffe000 ---p 00005000 08:04 13586428                   /usr/lib64/libXtst.so.6.1.0
7feebfffe000-7feebffff000 r--p 00005000 08:04 13586428                   /usr/lib64/libXtst.so.6.1.0
7feebffff000-7feec0000000 rw-p 00006000 08:04 13586428                   /usr/lib64/libXtst.so.6.1.0
7feec0000000-7feec000a000 r-xp 00000000 08:04 13587015                   /usr/lib64/libXrender.so.1.3.0
7feec000a000-7feec0209000 ---p 0000a000 08:04 13587015                   /usr/lib64/libXrender.so.1.3.0
7feec0209000-7feec020a000 r--p 00009000 08:04 13587015                   /usr/lib64/libXrender.so.1.3.0
7feec020a000-7feec020b000 rw-p 0000a000 08:04 13587015                   /usr/lib64/libXrender.so.1.3.0
7feec020b000-7feec0348000 r-xp 00000000 08:04 13586083                   /usr/lib64/libX11.so.6.3.0
7feec0348000-7feec0548000 ---p 0013d000 08:04 13586083                   /usr/lib64/libX11.so.6.3.0
7feec0548000-7feec0549000 r--p 0013d000 08:04 13586083                   /usr/lib64/libX11.so.6.3.0
7feec0549000-7feec054e000 rw-p 0013e000 08:04 13586083                   /usr/lib64/libX11.so.6.3.0
7feec054e000-7feec0560000 r-xp 00000000 08:04 13587019                   /usr/lib64/libXext.so.6.4.0
7feec0560000-7feec075f000 ---p 00012000 08:04 13587019                   /usr/lib64/libXext.so.6.4.0
7feec075f000-7feec0760000 r--p 00011000 08:04 13587019                   /usr/lib64/libXext.so.6.4.0
7feec0760000-7feec0761000 rw-p 00012000 08:04 13587019                   /usr/lib64/libXext.so.6.4.0
7feec0763000-7feec0782000 r--p 00000000 08:04 5729555                    /usr/share/locale/de/LC_MESSAGES/libc.mo
7feec0782000-7feec07d2000 r-xp 00000000 08:04 3765161                    /usr/java/jdk1.7.0_25/jre/lib/amd64/xawt/libmawt.so
7feec07d2000-7feec09d2000 ---p 00050000 08:04 3765161                    /usr/java/jdk1.7.0_25/jre/lib/amd64/xawt/libmawt.so
7feec09d2000-7feec09d6000 rw-p 00050000 08:04 3765161                    /usr/java/jdk1.7.0_25/jre/lib/amd64/xawt/libmawt.so
7feec09d6000-7feec09d7000 rw-p 00000000 00:00 0 
7feec09d7000-7feec0a7a000 r-xp 00000000 08:04 3765110                    /usr/java/jdk1.7.0_25/jre/lib/amd64/libawt.so
7feec0a7a000-7feec0c7a000 ---p 000a3000 08:04 3765110                    /usr/java/jdk1.7.0_25/jre/lib/amd64/libawt.so
7feec0c7a000-7feec0c86000 rw-p 000a3000 08:04 3765110                    /usr/java/jdk1.7.0_25/jre/lib/amd64/libawt.so
7feec0c86000-7feec0caa000 rw-p 00000000 00:00 0 
7feec0caa000-7feec0cab000 ---p 00000000 00:00 0 
7feec0cab000-7feec0eac000 rwxp 00000000 00:00 0 
7feec0eac000-7feec0ead000 ---p 00000000 00:00 0 
7feec0ead000-7feec0fad000 rwxp 00000000 00:00 0 
7feec0fad000-7feec0fae000 ---p 00000000 00:00 0 
7feec0fae000-7feec11af000 rwxp 00000000 00:00 0 
7feec11af000-7feec11ee000 r--p 00000000 08:04 38458                      /usr/lib/locale/de_DE.utf8/LC_CTYPE
7feec11ee000-7feec11ef000 r--p 00000000 08:04 38550                      /usr/lib/locale/de_DE.utf8/LC_NUMERIC
7feec11ef000-7feec11f0000 r--p 00000000 08:04 36347                      /usr/lib/locale/de_DE.utf8/LC_TIME
7feec11f0000-7feec130d000 r--p 00000000 08:04 36345                      /usr/lib/locale/de_DE.utf8/LC_COLLATE
7feec130d000-7feec130e000 r--p 00000000 08:04 38591                      /usr/lib/locale/de_DE.utf8/LC_MONETARY
7feec130e000-7feec130f000 r--p 00000000 08:04 38457                      /usr/lib/locale/de_DE.utf8/LC_MESSAGES/SYS_LC_MESSAGES
7feec130f000-7feec1310000 r--p 00000000 08:04 38626                      /usr/lib/locale/de_DE.utf8/LC_PAPER
7feec1310000-7feec1311000 r--p 00000000 08:04 38433                      /usr/lib/locale/de_DE.utf8/LC_NAME
7feec1311000-7feec1312000 r--p 00000000 08:04 36344                      /usr/lib/locale/de_DE.utf8/LC_ADDRESS
7feec1312000-7feec1313000 r--p 00000000 08:04 38432                      /usr/lib/locale/de_DE.utf8/LC_TELEPHONE
7feec1313000-7feec1314000 r--p 00000000 08:04 38630                      /usr/lib/locale/de_DE.utf8/LC_MEASUREMENT
7feec1314000-7feec131b000 r--s 00000000 08:04 10312089                   /usr/lib64/gconv/gconv-modules.cache
7feec131b000-7feec131c000 r--p 00000000 08:04 36346                      /usr/lib/locale/de_DE.utf8/LC_IDENTIFICATION
7feec131c000-7feec151e000 rwxp 00000000 00:00 0 
7feec151e000-7feec151f000 ---p 00000000 00:00 0 
7feec151f000-7feec161f000 rwxp 00000000 00:00 0 
7feec161f000-7feec1ffb000 rw-p 00000000 00:00 0 
7feec1ffb000-7feec21b8000 r--s 039f9000 08:04 3767005                    /usr/java/jdk1.7.0_25/jre/lib/rt.jar
7feec21b8000-7feec4a94000 rw-p 00000000 00:00 0 
7feec4a94000-7feec4a95000 ---p 00000000 00:00 0 
7feec4a95000-7feec4b95000 rwxp 00000000 00:00 0 
7feec4b95000-7feec4b96000 ---p 00000000 00:00 0 
7feec4b96000-7feec4c96000 rwxp 00000000 00:00 0 
7feec4c96000-7feec4ca1000 rw-p 00000000 00:00 0 
7feec4ca1000-7feec4cbf000 rw-p 00000000 00:00 0 
7feec4cbf000-7feec4cd3000 rw-p 00000000 00:00 0 
7feec4cd3000-7feec4dff000 rw-p 00000000 00:00 0 
7feec4dff000-7feec4e0a000 rw-p 00000000 00:00 0 
7feec4e0a000-7feec4e28000 rw-p 00000000 00:00 0 
7feec4e28000-7feec4e3c000 rw-p 00000000 00:00 0 
7feec4e3c000-7feec4f68000 rw-p 00000000 00:00 0 
7feec4f68000-7feec4f72000 rw-p 00000000 00:00 0 
7feec4f72000-7feec5008000 rw-p 00000000 00:00 0 
7feec5008000-7feec5009000 rw-p 00000000 00:00 0 
7feec5009000-7feec5279000 rwxp 00000000 00:00 0 
7feec5279000-7feec8009000 rw-p 00000000 00:00 0 
7feec8009000-7feec8024000 r-xp 00000000 08:04 3765155                    /usr/java/jdk1.7.0_25/jre/lib/amd64/libzip.so
7feec8024000-7feec8223000 ---p 0001b000 08:04 3765155                    /usr/java/jdk1.7.0_25/jre/lib/amd64/libzip.so
7feec8223000-7feec8224000 rw-p 0001a000 08:04 3765155                    /usr/java/jdk1.7.0_25/jre/lib/amd64/libzip.so
7feec8224000-7feec824d000 r-xp 00000000 08:04 3765124                    /usr/java/jdk1.7.0_25/jre/lib/amd64/libjava.so
7feec824d000-7feec844d000 ---p 00029000 08:04 3765124                    /usr/java/jdk1.7.0_25/jre/lib/amd64/libjava.so
7feec844d000-7feec844f000 rw-p 00029000 08:04 3765124                    /usr/java/jdk1.7.0_25/jre/lib/amd64/libjava.so
7feec844f000-7feec845c000 r-xp 00000000 08:04 3765154                    /usr/java/jdk1.7.0_25/jre/lib/amd64/libverify.so
7feec845c000-7feec865b000 ---p 0000d000 08:04 3765154                    /usr/java/jdk1.7.0_25/jre/lib/amd64/libverify.so
7feec865b000-7feec865d000 rw-p 0000c000 08:04 3765154                    /usr/java/jdk1.7.0_25/jre/lib/amd64/libverify.so
7feec865d000-7feec8665000 r-xp 00000000 08:04 7365671                    /lib64/librt-2.11.3.so
7feec8665000-7feec8864000 ---p 00008000 08:04 7365671                    /lib64/librt-2.11.3.so
7feec8864000-7feec8865000 r--p 00007000 08:04 7365671                    /lib64/librt-2.11.3.so
7feec8865000-7feec8866000 rw-p 00008000 08:04 7365671                    /lib64/librt-2.11.3.so
7feec8866000-7feec88bc000 r-xp 00000000 08:04 7365625                    /lib64/libm-2.11.3.so
7feec88bc000-7feec8abb000 ---p 00056000 08:04 7365625                    /lib64/libm-2.11.3.so
7feec8abb000-7feec8abc000 r--p 00055000 08:04 7365625                    /lib64/libm-2.11.3.so
7feec8abc000-7feec8abd000 rw-p 00056000 08:04 7365625                    /lib64/libm-2.11.3.so
7feec8abd000-7feec94fe000 r-xp 00000000 08:04 3765159                    /usr/java/jdk1.7.0_25/jre/lib/amd64/server/libjvm.so
7feec94fe000-7feec96fe000 ---p 00a41000 08:04 3765159                    /usr/java/jdk1.7.0_25/jre/lib/amd64/server/libjvm.so
7feec96fe000-7feec97a1000 rw-p 00a41000 08:04 3765159                    /usr/java/jdk1.7.0_25/jre/lib/amd64/server/libjvm.so
7feec97a1000-7feec97dd000 rw-p 00000000 00:00 0 
7feec97dd000-7feec9941000 r-xp 00000000 08:04 7365605                    /lib64/libc-2.11.3.so
7feec9941000-7feec9b40000 ---p 00164000 08:04 7365605                    /lib64/libc-2.11.3.so
7feec9b40000-7feec9b44000 r--p 00163000 08:04 7365605                    /lib64/libc-2.11.3.so
7feec9b44000-7feec9b45000 rw-p 00167000 08:04 7365605                    /lib64/libc-2.11.3.so
7feec9b45000-7feec9b4a000 rw-p 00000000 00:00 0 
7feec9b4a000-7feec9b4c000 r-xp 00000000 08:04 7365619                    /lib64/libdl-2.11.3.so
7feec9b4c000-7feec9d4c000 ---p 00002000 08:04 7365619                    /lib64/libdl-2.11.3.so
7feec9d4c000-7feec9d4d000 r--p 00002000 08:04 7365619                    /lib64/libdl-2.11.3.so
7feec9d4d000-7feec9d4e000 rw-p 00003000 08:04 7365619                    /lib64/libdl-2.11.3.so
7feec9d4e000-7feec9d64000 r-xp 00000000 08:04 3765106                    /usr/java/jdk1.7.0_25/jre/lib/amd64/jli/libjli.so
7feec9d64000-7feec9f64000 ---p 00016000 08:04 3765106                    /usr/java/jdk1.7.0_25/jre/lib/amd64/jli/libjli.so
7feec9f64000-7feec9f65000 rw-p 00016000 08:04 3765106                    /usr/java/jdk1.7.0_25/jre/lib/amd64/jli/libjli.so
7feec9f65000-7feec9f7c000 r-xp 00000000 08:04 7365631                    /lib64/libpthread-2.11.3.so
7feec9f7c000-7feeca17c000 ---p 00017000 08:04 7365631                    /lib64/libpthread-2.11.3.so
7feeca17c000-7feeca17d000 r--p 00017000 08:04 7365631                    /lib64/libpthread-2.11.3.so
7feeca17d000-7feeca17e000 rw-p 00018000 08:04 7365631                    /lib64/libpthread-2.11.3.so
7feeca17e000-7feeca182000 rw-p 00000000 00:00 0 
7feeca182000-7feeca1a0000 r-xp 00000000 08:04 7365607                    /lib64/ld-2.11.3.so
7feeca1a5000-7feeca1a6000 rw-s f7eea000 00:05 5100                       /dev/nvidia0
7feeca1a6000-7feeca1a7000 rw-s c186a000 00:05 5100                       /dev/nvidia0
7feeca1a7000-7feeca1a8000 rw-s f7ee9000 00:05 5100                       /dev/nvidia0
7feeca1a8000-7feeca1a9000 rw-s 8db20000 00:05 5100                       /dev/nvidia0
7feeca1a9000-7feeca1aa000 r--s dc009000 00:05 5100                       /dev/nvidia0
7feeca1aa000-7feeca1ac000 rw-p 00000000 00:00 0 
7feeca1b8000-7feeca1c2000 rw-p 00000000 00:00 0 
7feeca1c2000-7feeca278000 rw-p 00000000 00:00 0 
7feeca278000-7feeca27b000 ---p 00000000 00:00 0 
7feeca27b000-7feeca379000 rwxp 00000000 00:00 0 
7feeca379000-7feeca37d000 rw-p 00000000 00:00 0 
7feeca381000-7feeca382000 rw-p 00000000 00:00 0 
7feeca382000-7feeca383000 rw-s dc060000 00:05 5100                       /dev/nvidia0
7feeca383000-7feeca387000 r--s 00027000 00:1b 27952941                   /net/hel/export/9/student/t/tgraf/parallel/lwjgl-2.9.0/jar/lwjgl_util.jar
7feeca387000-7feeca394000 r--s 000e6000 00:1b 27952939                   /net/hel/export/9/student/t/tgraf/parallel/lwjgl-2.9.0/jar/lwjgl.jar
7feeca394000-7feeca39c000 rw-s 00000000 08:04 2521042                    /tmp/hsperfdata_tgraf/10936 (deleted)
7feeca39c000-7feeca39d000 rw-p 00000000 00:00 0 
7feeca39d000-7feeca39e000 ---p 00000000 00:00 0 
7feeca39e000-7feeca39f000 rw-p 00000000 00:00 0 
7feeca39f000-7feeca3a0000 r--p 0001d000 08:04 7365607                    /lib64/ld-2.11.3.so
7feeca3a0000-7feeca3a1000 rw-p 0001e000 08:04 7365607                    /lib64/ld-2.11.3.so
7feeca3a1000-7feeca3a2000 rw-p 00000000 00:00 0 
7fff09034000-7fff09054000 rwxp 00000000 00:00 0                          [stack]
7fff09054000-7fff09055000 rw-p 00000000 00:00 0 
7fff091ff000-7fff09200000 r-xp 00000000 00:00 0                          [vdso]
ffffffffff600000-ffffffffff601000 r-xp 00000000 00:00 0                  [vsyscall]

VM Arguments:
jvm_args: -Djava.library.path=/home/student/t/tgraf/parallel/lwjgl-2.9.0/native/linux:/home/student/t/tgraf/parallel/lwjgl-2.9.0/native/linux -Dfile.encoding=UTF-8 
java_command: main.Main
Launcher Type: SUN_STANDARD

Environment Variables:
CLASSPATH=.:..:/home/ainf/Aktuell/Packages/AlgoTools.jar:/home/ainf/Vorlesung
PATH=/usr/local/rvm/gems/ruby-1.9.3-p125/bin:/usr/local/rvm/gems/ruby-1.9.3-p125@global/bin:/usr/local/rvm/rubies/ruby-1.9.3-p125/bin:/usr/local/rvm/bin:/usr/local/bin:/usr/bin:/bin:/usr/bin/X11:/usr/X11R6/bin:/usr/games
SHELL=/bin/sh
DISPLAY=:0
HOSTTYPE=x86_64
OSTYPE=linux
MACHTYPE=x86_64-suse-linux

Signal Handlers:
SIGSEGV: [libjvm.so+0x8a26a0], sa_mask[0]=0x7ffbfeff, sa_flags=0x10000004
SIGBUS: [libjvm.so+0x8a26a0], sa_mask[0]=0x7ffbfeff, sa_flags=0x10000004
SIGFPE: [libjvm.so+0x73f3d0], sa_mask[0]=0x7ffbfeff, sa_flags=0x10000004
SIGPIPE: [libjvm.so+0x73f3d0], sa_mask[0]=0x7ffbfeff, sa_flags=0x10000004
SIGXFSZ: [libjvm.so+0x73f3d0], sa_mask[0]=0x7ffbfeff, sa_flags=0x10000004
SIGILL: [libjvm.so+0x73f3d0], sa_mask[0]=0x7ffbfeff, sa_flags=0x10000004
SIGUSR1: SIG_DFL, sa_mask[0]=0x00000000, sa_flags=0x00000000
SIGUSR2: [libjvm.so+0x73ed20], sa_mask[0]=0x00000004, sa_flags=0x10000004
SIGHUP: [libjvm.so+0x7410b0], sa_mask[0]=0x7ffbfeff, sa_flags=0x10000004
SIGINT: [libjvm.so+0x7410b0], sa_mask[0]=0x7ffbfeff, sa_flags=0x10000004
SIGTERM: [libjvm.so+0x7410b0], sa_mask[0]=0x7ffbfeff, sa_flags=0x10000004
SIGQUIT: [libjvm.so+0x7410b0], sa_mask[0]=0x7ffbfeff, sa_flags=0x10000004


---------------  S Y S T E M  ---------------

OS:openSUSE 11.4 (x86_64)
VERSION = 11.4
CODENAME = Celadon

uname:Linux 2.6.37.6-24-desktop #1 SMP PREEMPT 2012-10-18 22:36:08 +0200 x86_64
libc:glibc 2.11.3 NPTL 2.11.3 
rlimit: STACK 8192k, CORE 0k, NPROC 30557, NOFILE 8192, AS infinity
load average:0,17 0,13 0,19

/proc/meminfo:
MemTotal:        3924232 kB
MemFree:         1129840 kB
Buffers:          177344 kB
Cached:          1378720 kB
SwapCached:            4 kB
Active:          1694760 kB
Inactive:         846556 kB
Active(anon):     963940 kB
Inactive(anon):    23176 kB
Active(file):     730820 kB
Inactive(file):   823380 kB
Unevictable:           0 kB
Mlocked:               0 kB
SwapTotal:       2099196 kB
SwapFree:        2099192 kB
Dirty:                72 kB
Writeback:             0 kB
AnonPages:        985276 kB
Mapped:           207288 kB
Shmem:              1864 kB
Slab:             115412 kB
SReclaimable:      86748 kB
SUnreclaim:        28664 kB
KernelStack:        2688 kB
PageTables:        21684 kB
NFS_Unstable:         36 kB
Bounce:                0 kB
WritebackTmp:          0 kB
CommitLimit:     4061312 kB
Committed_AS:    3208088 kB
VmallocTotal:   34359738367 kB
VmallocUsed:      328556 kB
VmallocChunk:   34359403004 kB
HardwareCorrupted:     0 kB
HugePages_Total:       0
HugePages_Free:        0
HugePages_Rsvd:        0
HugePages_Surp:        0
Hugepagesize:       2048 kB
DirectMap4k:      194556 kB
DirectMap2M:     3866624 kB


CPU:total 2 (2 cores per cpu, 1 threads per core) family 6 model 23 stepping 10, cmov, cx8, fxsr, mmx, sse, sse2, sse3, ssse3, sse4.1, tsc

/proc/cpuinfo:
processor	: 0
vendor_id	: GenuineIntel
cpu family	: 6
model		: 23
model name	: Intel(R) Core(TM)2 Duo CPU     E8400  @ 3.00GHz
stepping	: 10
cpu MHz		: 3000.000
cache size	: 6144 KB
physical id	: 0
siblings	: 2
core id		: 0
cpu cores	: 2
apicid		: 0
initial apicid	: 0
fpu		: yes
fpu_exception	: yes
cpuid level	: 13
wp		: yes
flags		: fpu vme de pse tsc msr pae mce cx8 apic sep mtrr pge mca cmov pat pse36 clflush dts acpi mmx fxsr sse sse2 ss ht tm pbe syscall nx lm constant_tsc arch_perfmon pebs bts rep_good nopl aperfmperf pni dtes64 monitor ds_cpl vmx smx est tm2 ssse3 cx16 xtpr pdcm sse4_1 xsave lahf_lm dts tpr_shadow vnmi flexpriority
bogomips	: 5985.78
clflush size	: 64
cache_alignment	: 64
address sizes	: 36 bits physical, 48 bits virtual
power management:

processor	: 1
vendor_id	: GenuineIntel
cpu family	: 6
model		: 23
model name	: Intel(R) Core(TM)2 Duo CPU     E8400  @ 3.00GHz
stepping	: 10
cpu MHz		: 3000.000
cache size	: 6144 KB
physical id	: 0
siblings	: 2
core id		: 1
cpu cores	: 2
apicid		: 1
initial apicid	: 1
fpu		: yes
fpu_exception	: yes
cpuid level	: 13
wp		: yes
flags		: fpu vme de pse tsc msr pae mce cx8 apic sep mtrr pge mca cmov pat pse36 clflush dts acpi mmx fxsr sse sse2 ss ht tm pbe syscall nx lm constant_tsc arch_perfmon pebs bts rep_good nopl aperfmperf pni dtes64 monitor ds_cpl vmx smx est tm2 ssse3 cx16 xtpr pdcm sse4_1 xsave lahf_lm dts tpr_shadow vnmi flexpriority
bogomips	: 5984.65
clflush size	: 64
cache_alignment	: 64
address sizes	: 36 bits physical, 48 bits virtual
power management:



Memory: 4k page, physical 3924232k(1129840k free), swap 2099196k(2099192k free)

vm_info: Java HotSpot(TM) 64-Bit Server VM (23.25-b01) for linux-amd64 JRE (1.7.0_25-b15), built on Jun  5 2013 20:48:36 by "java_re" with gcc 4.3.0 20080428 (Red Hat 4.3.0-8)

time: Tue Aug 20 13:59:35 2013
elapsed time: 1 seconds

